2025-04-22 15:29:07,589 - INFO - paths.py:106 - Using cached path: /Users/demo/Library/CloudStorage/Box-Box/Holmes_Lab_Wiki/PCX_Round2/Admin/subject_logs
2025-04-22 15:29:07,589 - INFO - sub_id.py:47 -  Found sub-PCR2Pilot in sub-PCR2Pilot.xlsx
2025-04-22 15:29:07,718 - INFO - sub_id.py:47 -  Found sub-PCR2Pilot2 in sub-PCR2Pilot2.xlsx
2025-04-22 15:29:07,728 - INFO - subject.py:49 - Subs in subject.py has keys dict_keys(['sub-PCR2Pilot', 'sub-PCR2Pilot2'])
2025-04-22 15:29:07,728 - INFO - paths.py:106 - Using cached path: /Users/demo/Library/CloudStorage/Box-Box/Holmes_Lab_Wiki/PCX_Round2/Data/mindlamp_data
2025-04-22 15:29:07,729 - WARNING - sub_id.py:51 - ⚠️ Warning: no subject ID found in power_activityScores_hourly.csv. Type: <class 'str'>
2025-04-22 15:29:07,729 - WARNING - sub_id.py:51 - ⚠️ Warning: no subject ID found in accel_activityScores_hourly.csv. Type: <class 'str'>
2025-04-22 15:29:07,730 - INFO - sub_id.py:47 -  Found sub-PCX-PCT929 in PCX-PCT929-phone_power_activityScores_hourly-day1to64.csv
2025-04-22 15:29:07,732 - INFO - sub_id.py:47 -  Found sub-PCX-PCT929 in PCX-PCT929-phone_gps_dist_hourly-day1to64.csv
2025-04-22 15:29:07,734 - INFO - sub_id.py:47 -  Found sub-PCX-PCT929 in PCX-PCT929-phone_accel_activityScores_hourly-day1to64.csv
2025-04-22 15:29:07,736 - INFO - sub_id.py:47 -  Found sub-PCX-PCT927 in PCX-PCT927-phone_power_activityScores_hourly-day1to125.csv
2025-04-22 15:29:07,738 - INFO - sub_id.py:47 -  Found sub-PCX-PCT927 in PCX-PCT927-phone_gps_dist_hourly-day1to124.csv
2025-04-22 15:29:07,739 - INFO - sub_id.py:47 -  Found sub-PCX-PCT927 in PCX-PCT927-phone_gps_dist_hourly-day1to118.csv
2025-04-22 15:29:07,740 - INFO - sub_id.py:47 -  Found sub-PCX-PCT927 in PCX-PCT927-phone_gps_dist_hourly-day1to119.csv
2025-04-22 15:29:07,741 - INFO - sub_id.py:47 -  Found sub-PCX-PCT927 in PCX-PCT927-phone_gps_dist_hourly-day1to125.csv
2025-04-22 15:29:07,742 - INFO - sub_id.py:47 -  Found sub-PCX-PCT927 in PCX-PCT927-phone_gps_dist_hourly-day1to109.csv
2025-04-22 15:29:07,743 - INFO - sub_id.py:47 -  Found sub-PCX-PCT927 in PCX-PCT927-phone_gps_dist_hourly-day1to121.csv
2025-04-22 15:29:07,744 - INFO - sub_id.py:47 -  Found sub-PCX-PCT927 in PCX-PCT927-phone_gps_dist_hourly-day1to120.csv
2025-04-22 15:29:07,745 - INFO - sub_id.py:47 -  Found sub-PCX-PCT927 in PCX-PCT927-phone_gps_dist_hourly-day1to108.csv
2025-04-22 15:29:07,746 - INFO - sub_id.py:47 -  Found sub-PCX-PCT927 in PCX-PCT927-phone_gps_dist_hourly-day1to122.csv
2025-04-22 15:29:07,747 - INFO - sub_id.py:47 -  Found sub-PCX-PCT927 in PCX-PCT927-phone_gps_dist_hourly-day1to123.csv
2025-04-22 15:29:07,748 - INFO - sub_id.py:47 -  Found sub-PCX-PCT927 in PCX-PCT927-phone_gps_dist_hourly-day1to106.csv
2025-04-22 15:29:07,749 - INFO - sub_id.py:47 -  Found sub-PCX-PCT927 in PCX-PCT927-phone_gps_dist_hourly-day1to112.csv
2025-04-22 15:29:07,751 - INFO - sub_id.py:47 -  Found sub-PCX-PCT927 in PCX-PCT927-phone_gps_dist_hourly-day1to113.csv
2025-04-22 15:29:07,752 - INFO - sub_id.py:47 -  Found sub-PCX-PCT927 in PCX-PCT927-phone_gps_dist_hourly-day1to107.csv
2025-04-22 15:29:07,752 - INFO - sub_id.py:47 -  Found sub-PCX-PCT927 in PCX-PCT927-phone_gps_dist_hourly-day1to111.csv
2025-04-22 15:29:07,753 - INFO - sub_id.py:47 -  Found sub-PCX-PCT927 in PCX-PCT927-phone_gps_dist_hourly-day1to105.csv
2025-04-22 15:29:07,754 - INFO - sub_id.py:47 -  Found sub-PCX-PCT927 in PCX-PCT927-phone_gps_dist_hourly-day1to104.csv
2025-04-22 15:29:07,756 - INFO - sub_id.py:47 -  Found sub-PCX-PCT927 in PCX-PCT927-phone_gps_dist_hourly-day1to110.csv
2025-04-22 15:29:07,757 - INFO - sub_id.py:47 -  Found sub-PCX-PCT927 in PCX-PCT927-phone_gps_dist_hourly-day1to114.csv
2025-04-22 15:29:07,757 - INFO - sub_id.py:47 -  Found sub-PCX-PCT927 in PCX-PCT927-phone_gps_dist_hourly-day1to115.csv
2025-04-22 15:29:07,758 - INFO - sub_id.py:47 -  Found sub-PCX-PCT927 in PCX-PCT927-phone_gps_dist_hourly-day1to117.csv
2025-04-22 15:29:07,759 - INFO - sub_id.py:47 -  Found sub-PCX-PCT927 in PCX-PCT927-phone_gps_dist_hourly-day1to116.csv
2025-04-22 15:29:07,760 - INFO - sub_id.py:47 -  Found sub-PCX-PCT927 in PCX-PCT927-phone_accel_activityScores_hourly-day1to125.csv
2025-04-22 15:29:07,761 - INFO - subject.py:96 - Found power files for: dict_keys(['sub-PCX-PCT929', 'sub-PCX-PCT927'])
2025-04-22 15:29:07,761 - INFO - subject.py:97 - Found accel files for: dict_keys(['sub-PCX-PCT929', 'sub-PCX-PCT927'])
2025-04-22 15:29:07,761 - INFO - subject.py:98 - Found gps files for: dict_keys(['sub-PCX-PCT929', 'sub-PCX-PCT927'])
2025-04-22 15:29:07,762 - INFO - paths.py:106 - Using cached path: /Users/demo/Library/CloudStorage/Box-Box/Holmes_Lab_Wiki/PCX_Round2/Admin/Data-dashboard/utilities/sheets/key_to_readable_name.xlsx
2025-04-22 15:29:07,776 - INFO - subject.py:256 -          reftime  day timeofday  weekday  ...  activityScore_hour24      subject_id  daily_hr_average  daily_mins
64  1.727400e+12    1   0:00:00        7  ...                   NaN  sub-PCX-PCT927               NaN        0.00
65  1.727480e+12    2   0:00:00        1  ...                  4.60  sub-PCX-PCT927          4.341333       65.12
66  1.727570e+12    3   0:00:00        2  ...                  1.82  sub-PCX-PCT927          3.812083       91.49
67  1.727650e+12    4   0:00:00        3  ...                   NaN  sub-PCX-PCT927          3.292727       72.44
68  1.727740e+12    5   0:00:00        4  ...                  2.55  sub-PCX-PCT927          3.612500       43.35

[5 rows x 31 columns]
2025-04-22 15:29:07,786 - INFO - paths.py:106 - Using cached path: /Users/demo/Library/CloudStorage/Box-Box/Holmes_Lab_Wiki/PCX_Round2/Admin/subject_logs
2025-04-22 15:29:07,786 - INFO - sub_id.py:47 -  Found sub-PCR2Pilot in sub-PCR2Pilot.xlsx
2025-04-22 15:29:07,796 - INFO - sub_id.py:47 -  Found sub-PCR2Pilot2 in sub-PCR2Pilot2.xlsx
2025-04-22 15:29:07,804 - INFO - dashboard.py:59 - Subs in dashboard.py has keys dict_keys(['sub-PCR2Pilot', 'sub-PCR2Pilot2'])
2025-04-22 15:29:07,811 - INFO - dash.py:2254 - Dash is running on http://127.0.0.1:8090/

2025-04-22 15:29:08,731 - INFO - paths.py:106 - Using cached path: /Users/demo/Library/CloudStorage/Box-Box/Holmes_Lab_Wiki/PCX_Round2/Admin/subject_logs
2025-04-22 15:29:08,731 - INFO - sub_id.py:47 -  Found sub-PCR2Pilot in sub-PCR2Pilot.xlsx
2025-04-22 15:29:08,778 - INFO - sub_id.py:47 -  Found sub-PCR2Pilot2 in sub-PCR2Pilot2.xlsx
2025-04-22 15:29:08,786 - INFO - subject.py:49 - Subs in subject.py has keys dict_keys(['sub-PCR2Pilot', 'sub-PCR2Pilot2'])
2025-04-22 15:29:08,786 - INFO - paths.py:106 - Using cached path: /Users/demo/Library/CloudStorage/Box-Box/Holmes_Lab_Wiki/PCX_Round2/Data/mindlamp_data
2025-04-22 15:29:08,786 - WARNING - sub_id.py:51 - ⚠️ Warning: no subject ID found in power_activityScores_hourly.csv. Type: <class 'str'>
2025-04-22 15:29:08,786 - WARNING - sub_id.py:51 - ⚠️ Warning: no subject ID found in accel_activityScores_hourly.csv. Type: <class 'str'>
2025-04-22 15:29:08,786 - INFO - sub_id.py:47 -  Found sub-PCX-PCT929 in PCX-PCT929-phone_power_activityScores_hourly-day1to64.csv
2025-04-22 15:29:08,788 - INFO - sub_id.py:47 -  Found sub-PCX-PCT929 in PCX-PCT929-phone_gps_dist_hourly-day1to64.csv
2025-04-22 15:29:08,788 - INFO - sub_id.py:47 -  Found sub-PCX-PCT929 in PCX-PCT929-phone_accel_activityScores_hourly-day1to64.csv
2025-04-22 15:29:08,789 - INFO - sub_id.py:47 -  Found sub-PCX-PCT927 in PCX-PCT927-phone_power_activityScores_hourly-day1to125.csv
2025-04-22 15:29:08,790 - INFO - sub_id.py:47 -  Found sub-PCX-PCT927 in PCX-PCT927-phone_gps_dist_hourly-day1to124.csv
2025-04-22 15:29:08,790 - INFO - sub_id.py:47 -  Found sub-PCX-PCT927 in PCX-PCT927-phone_gps_dist_hourly-day1to118.csv
2025-04-22 15:29:08,791 - INFO - sub_id.py:47 -  Found sub-PCX-PCT927 in PCX-PCT927-phone_gps_dist_hourly-day1to119.csv
2025-04-22 15:29:08,791 - INFO - sub_id.py:47 -  Found sub-PCX-PCT927 in PCX-PCT927-phone_gps_dist_hourly-day1to125.csv
2025-04-22 15:29:08,792 - INFO - sub_id.py:47 -  Found sub-PCX-PCT927 in PCX-PCT927-phone_gps_dist_hourly-day1to109.csv
2025-04-22 15:29:08,792 - INFO - sub_id.py:47 -  Found sub-PCX-PCT927 in PCX-PCT927-phone_gps_dist_hourly-day1to121.csv
2025-04-22 15:29:08,793 - INFO - sub_id.py:47 -  Found sub-PCX-PCT927 in PCX-PCT927-phone_gps_dist_hourly-day1to120.csv
2025-04-22 15:29:08,794 - INFO - sub_id.py:47 -  Found sub-PCX-PCT927 in PCX-PCT927-phone_gps_dist_hourly-day1to108.csv
2025-04-22 15:29:08,794 - INFO - sub_id.py:47 -  Found sub-PCX-PCT927 in PCX-PCT927-phone_gps_dist_hourly-day1to122.csv
2025-04-22 15:29:08,795 - INFO - sub_id.py:47 -  Found sub-PCX-PCT927 in PCX-PCT927-phone_gps_dist_hourly-day1to123.csv
2025-04-22 15:29:08,795 - INFO - sub_id.py:47 -  Found sub-PCX-PCT927 in PCX-PCT927-phone_gps_dist_hourly-day1to106.csv
2025-04-22 15:29:08,796 - INFO - sub_id.py:47 -  Found sub-PCX-PCT927 in PCX-PCT927-phone_gps_dist_hourly-day1to112.csv
2025-04-22 15:29:08,796 - INFO - sub_id.py:47 -  Found sub-PCX-PCT927 in PCX-PCT927-phone_gps_dist_hourly-day1to113.csv
2025-04-22 15:29:08,797 - INFO - sub_id.py:47 -  Found sub-PCX-PCT927 in PCX-PCT927-phone_gps_dist_hourly-day1to107.csv
2025-04-22 15:29:08,797 - INFO - sub_id.py:47 -  Found sub-PCX-PCT927 in PCX-PCT927-phone_gps_dist_hourly-day1to111.csv
2025-04-22 15:29:08,798 - INFO - sub_id.py:47 -  Found sub-PCX-PCT927 in PCX-PCT927-phone_gps_dist_hourly-day1to105.csv
2025-04-22 15:29:08,798 - INFO - sub_id.py:47 -  Found sub-PCX-PCT927 in PCX-PCT927-phone_gps_dist_hourly-day1to104.csv
2025-04-22 15:29:08,799 - INFO - sub_id.py:47 -  Found sub-PCX-PCT927 in PCX-PCT927-phone_gps_dist_hourly-day1to110.csv
2025-04-22 15:29:08,799 - INFO - sub_id.py:47 -  Found sub-PCX-PCT927 in PCX-PCT927-phone_gps_dist_hourly-day1to114.csv
2025-04-22 15:29:08,800 - INFO - sub_id.py:47 -  Found sub-PCX-PCT927 in PCX-PCT927-phone_gps_dist_hourly-day1to115.csv
2025-04-22 15:29:08,800 - INFO - sub_id.py:47 -  Found sub-PCX-PCT927 in PCX-PCT927-phone_gps_dist_hourly-day1to117.csv
2025-04-22 15:29:08,800 - INFO - sub_id.py:47 -  Found sub-PCX-PCT927 in PCX-PCT927-phone_gps_dist_hourly-day1to116.csv
2025-04-22 15:29:08,801 - INFO - sub_id.py:47 -  Found sub-PCX-PCT927 in PCX-PCT927-phone_accel_activityScores_hourly-day1to125.csv
2025-04-22 15:29:08,802 - INFO - subject.py:96 - Found power files for: dict_keys(['sub-PCX-PCT929', 'sub-PCX-PCT927'])
2025-04-22 15:29:08,802 - INFO - subject.py:97 - Found accel files for: dict_keys(['sub-PCX-PCT929', 'sub-PCX-PCT927'])
2025-04-22 15:29:08,802 - INFO - subject.py:98 - Found gps files for: dict_keys(['sub-PCX-PCT929', 'sub-PCX-PCT927'])
2025-04-22 15:29:08,802 - INFO - paths.py:106 - Using cached path: /Users/demo/Library/CloudStorage/Box-Box/Holmes_Lab_Wiki/PCX_Round2/Admin/Data-dashboard/utilities/sheets/key_to_readable_name.xlsx
2025-04-22 15:29:08,816 - INFO - subject.py:256 -          reftime  day timeofday  weekday  ...  activityScore_hour24      subject_id  daily_hr_average  daily_mins
64  1.727400e+12    1   0:00:00        7  ...                   NaN  sub-PCX-PCT927               NaN        0.00
65  1.727480e+12    2   0:00:00        1  ...                  4.60  sub-PCX-PCT927          4.341333       65.12
66  1.727570e+12    3   0:00:00        2  ...                  1.82  sub-PCX-PCT927          3.812083       91.49
67  1.727650e+12    4   0:00:00        3  ...                   NaN  sub-PCX-PCT927          3.292727       72.44
68  1.727740e+12    5   0:00:00        4  ...                  2.55  sub-PCX-PCT927          3.612500       43.35

[5 rows x 31 columns]
2025-04-22 15:29:08,823 - INFO - paths.py:106 - Using cached path: /Users/demo/Library/CloudStorage/Box-Box/Holmes_Lab_Wiki/PCX_Round2/Admin/subject_logs
2025-04-22 15:29:08,823 - INFO - sub_id.py:47 -  Found sub-PCR2Pilot in sub-PCR2Pilot.xlsx
2025-04-22 15:29:08,830 - INFO - sub_id.py:47 -  Found sub-PCR2Pilot2 in sub-PCR2Pilot2.xlsx
2025-04-22 15:29:08,838 - INFO - dashboard.py:59 - Subs in dashboard.py has keys dict_keys(['sub-PCR2Pilot', 'sub-PCR2Pilot2'])
2025-04-22 15:30:23,495 - INFO - paths.py:106 - Using cached path: /Users/demo/Library/CloudStorage/Box-Box/Holmes_Lab_Wiki/PCX_Round2/Admin/subject_logs
2025-04-22 15:30:23,495 - INFO - sub_id.py:47 -  Found sub-PCR2Pilot in sub-PCR2Pilot.xlsx
2025-04-22 15:30:23,543 - INFO - sub_id.py:47 -  Found sub-PCR2Pilot2 in sub-PCR2Pilot2.xlsx
2025-04-22 15:30:23,550 - INFO - subject.py:49 - Subs in subject.py has keys dict_keys(['sub-PCR2Pilot', 'sub-PCR2Pilot2'])
2025-04-22 15:30:23,551 - INFO - paths.py:106 - Using cached path: /Users/demo/Library/CloudStorage/Box-Box/Holmes_Lab_Wiki/PCX_Round2/Data/mindlamp_data
2025-04-22 15:30:23,551 - WARNING - sub_id.py:51 - ⚠️ Warning: no subject ID found in power_activityScores_hourly.csv. Type: <class 'str'>
2025-04-22 15:30:23,551 - WARNING - sub_id.py:51 - ⚠️ Warning: no subject ID found in accel_activityScores_hourly.csv. Type: <class 'str'>
2025-04-22 15:30:23,551 - INFO - sub_id.py:47 -  Found sub-PCX-PCT929 in PCX-PCT929-phone_power_activityScores_hourly-day1to64.csv
2025-04-22 15:30:23,552 - INFO - sub_id.py:47 -  Found sub-PCX-PCT929 in PCX-PCT929-phone_gps_dist_hourly-day1to64.csv
2025-04-22 15:30:23,553 - INFO - sub_id.py:47 -  Found sub-PCX-PCT929 in PCX-PCT929-phone_accel_activityScores_hourly-day1to64.csv
2025-04-22 15:30:23,553 - INFO - sub_id.py:47 -  Found sub-PCX-PCT927 in PCX-PCT927-phone_power_activityScores_hourly-day1to125.csv
2025-04-22 15:30:23,554 - INFO - sub_id.py:47 -  Found sub-PCX-PCT927 in PCX-PCT927-phone_gps_dist_hourly-day1to124.csv
2025-04-22 15:30:23,554 - INFO - sub_id.py:47 -  Found sub-PCX-PCT927 in PCX-PCT927-phone_gps_dist_hourly-day1to118.csv
2025-04-22 15:30:23,555 - INFO - sub_id.py:47 -  Found sub-PCX-PCT927 in PCX-PCT927-phone_gps_dist_hourly-day1to119.csv
2025-04-22 15:30:23,555 - INFO - sub_id.py:47 -  Found sub-PCX-PCT927 in PCX-PCT927-phone_gps_dist_hourly-day1to125.csv
2025-04-22 15:30:23,556 - INFO - sub_id.py:47 -  Found sub-PCX-PCT927 in PCX-PCT927-phone_gps_dist_hourly-day1to109.csv
2025-04-22 15:30:23,556 - INFO - sub_id.py:47 -  Found sub-PCX-PCT927 in PCX-PCT927-phone_gps_dist_hourly-day1to121.csv
2025-04-22 15:30:23,557 - INFO - sub_id.py:47 -  Found sub-PCX-PCT927 in PCX-PCT927-phone_gps_dist_hourly-day1to120.csv
2025-04-22 15:30:23,558 - INFO - sub_id.py:47 -  Found sub-PCX-PCT927 in PCX-PCT927-phone_gps_dist_hourly-day1to108.csv
2025-04-22 15:30:23,558 - INFO - sub_id.py:47 -  Found sub-PCX-PCT927 in PCX-PCT927-phone_gps_dist_hourly-day1to122.csv
2025-04-22 15:30:23,559 - INFO - sub_id.py:47 -  Found sub-PCX-PCT927 in PCX-PCT927-phone_gps_dist_hourly-day1to123.csv
2025-04-22 15:30:23,559 - INFO - sub_id.py:47 -  Found sub-PCX-PCT927 in PCX-PCT927-phone_gps_dist_hourly-day1to106.csv
2025-04-22 15:30:23,560 - INFO - sub_id.py:47 -  Found sub-PCX-PCT927 in PCX-PCT927-phone_gps_dist_hourly-day1to112.csv
2025-04-22 15:30:23,560 - INFO - sub_id.py:47 -  Found sub-PCX-PCT927 in PCX-PCT927-phone_gps_dist_hourly-day1to113.csv
2025-04-22 15:30:23,561 - INFO - sub_id.py:47 -  Found sub-PCX-PCT927 in PCX-PCT927-phone_gps_dist_hourly-day1to107.csv
2025-04-22 15:30:23,561 - INFO - sub_id.py:47 -  Found sub-PCX-PCT927 in PCX-PCT927-phone_gps_dist_hourly-day1to111.csv
2025-04-22 15:30:23,562 - INFO - sub_id.py:47 -  Found sub-PCX-PCT927 in PCX-PCT927-phone_gps_dist_hourly-day1to105.csv
2025-04-22 15:30:23,562 - INFO - sub_id.py:47 -  Found sub-PCX-PCT927 in PCX-PCT927-phone_gps_dist_hourly-day1to104.csv
2025-04-22 15:30:23,563 - INFO - sub_id.py:47 -  Found sub-PCX-PCT927 in PCX-PCT927-phone_gps_dist_hourly-day1to110.csv
2025-04-22 15:30:23,563 - INFO - sub_id.py:47 -  Found sub-PCX-PCT927 in PCX-PCT927-phone_gps_dist_hourly-day1to114.csv
2025-04-22 15:30:23,564 - INFO - sub_id.py:47 -  Found sub-PCX-PCT927 in PCX-PCT927-phone_gps_dist_hourly-day1to115.csv
2025-04-22 15:30:23,564 - INFO - sub_id.py:47 -  Found sub-PCX-PCT927 in PCX-PCT927-phone_gps_dist_hourly-day1to117.csv
2025-04-22 15:30:23,565 - INFO - sub_id.py:47 -  Found sub-PCX-PCT927 in PCX-PCT927-phone_gps_dist_hourly-day1to116.csv
2025-04-22 15:30:23,565 - INFO - sub_id.py:47 -  Found sub-PCX-PCT927 in PCX-PCT927-phone_accel_activityScores_hourly-day1to125.csv
2025-04-22 15:30:23,567 - INFO - subject.py:96 - Found power files for: dict_keys(['sub-PCX-PCT929', 'sub-PCX-PCT927'])
2025-04-22 15:30:23,567 - INFO - subject.py:97 - Found accel files for: dict_keys(['sub-PCX-PCT929', 'sub-PCX-PCT927'])
2025-04-22 15:30:23,567 - INFO - subject.py:98 - Found gps files for: dict_keys(['sub-PCX-PCT929', 'sub-PCX-PCT927'])
2025-04-22 15:30:23,568 - INFO - paths.py:106 - Using cached path: /Users/demo/Library/CloudStorage/Box-Box/Holmes_Lab_Wiki/PCX_Round2/Admin/Data-dashboard/utilities/sheets/key_to_readable_name.xlsx
2025-04-22 15:30:23,579 - INFO - subject.py:257 -          reftime  day timeofday  weekday  ...  activityScore_hour24      subject_id  daily_hr_average  daily_mins
64  1.727400e+12    1   0:00:00        7  ...                   NaN  sub-PCX-PCT927               NaN        0.00
65  1.727480e+12    2   0:00:00        1  ...                  4.60  sub-PCX-PCT927          4.341333       65.12
66  1.727570e+12    3   0:00:00        2  ...                  1.82  sub-PCX-PCT927          3.812083       91.49
67  1.727650e+12    4   0:00:00        3  ...                   NaN  sub-PCX-PCT927          3.292727       72.44
68  1.727740e+12    5   0:00:00        4  ...                  2.55  sub-PCX-PCT927          3.612500       43.35

[5 rows x 31 columns]
2025-04-22 15:30:23,587 - INFO - paths.py:106 - Using cached path: /Users/demo/Library/CloudStorage/Box-Box/Holmes_Lab_Wiki/PCX_Round2/Admin/subject_logs
2025-04-22 15:30:23,587 - INFO - sub_id.py:47 -  Found sub-PCR2Pilot in sub-PCR2Pilot.xlsx
2025-04-22 15:30:23,594 - INFO - sub_id.py:47 -  Found sub-PCR2Pilot2 in sub-PCR2Pilot2.xlsx
2025-04-22 15:30:23,600 - INFO - dashboard.py:59 - Subs in dashboard.py has keys dict_keys(['sub-PCR2Pilot', 'sub-PCR2Pilot2'])
2025-04-22 15:30:30,564 - INFO - paths.py:106 - Using cached path: /Users/demo/Library/CloudStorage/Box-Box/Holmes_Lab_Wiki/PCX_Round2/Admin/subject_logs
2025-04-22 15:30:30,564 - INFO - sub_id.py:47 -  Found sub-PCR2Pilot in sub-PCR2Pilot.xlsx
2025-04-22 15:30:30,601 - INFO - sub_id.py:47 -  Found sub-PCR2Pilot2 in sub-PCR2Pilot2.xlsx
2025-04-22 15:30:30,608 - INFO - subject.py:49 - Subs in subject.py has keys dict_keys(['sub-PCR2Pilot', 'sub-PCR2Pilot2'])
2025-04-22 15:30:30,608 - INFO - paths.py:106 - Using cached path: /Users/demo/Library/CloudStorage/Box-Box/Holmes_Lab_Wiki/PCX_Round2/Data/mindlamp_data
2025-04-22 15:30:30,608 - WARNING - sub_id.py:51 - ⚠️ Warning: no subject ID found in power_activityScores_hourly.csv. Type: <class 'str'>
2025-04-22 15:30:30,608 - WARNING - sub_id.py:51 - ⚠️ Warning: no subject ID found in accel_activityScores_hourly.csv. Type: <class 'str'>
2025-04-22 15:30:30,609 - INFO - sub_id.py:47 -  Found sub-PCX-PCT929 in PCX-PCT929-phone_power_activityScores_hourly-day1to64.csv
2025-04-22 15:30:30,610 - INFO - sub_id.py:47 -  Found sub-PCX-PCT929 in PCX-PCT929-phone_gps_dist_hourly-day1to64.csv
2025-04-22 15:30:30,610 - INFO - sub_id.py:47 -  Found sub-PCX-PCT929 in PCX-PCT929-phone_accel_activityScores_hourly-day1to64.csv
2025-04-22 15:30:30,611 - INFO - sub_id.py:47 -  Found sub-PCX-PCT927 in PCX-PCT927-phone_power_activityScores_hourly-day1to125.csv
2025-04-22 15:30:30,612 - INFO - sub_id.py:47 -  Found sub-PCX-PCT927 in PCX-PCT927-phone_gps_dist_hourly-day1to124.csv
2025-04-22 15:30:30,612 - INFO - sub_id.py:47 -  Found sub-PCX-PCT927 in PCX-PCT927-phone_gps_dist_hourly-day1to118.csv
2025-04-22 15:30:30,613 - INFO - sub_id.py:47 -  Found sub-PCX-PCT927 in PCX-PCT927-phone_gps_dist_hourly-day1to119.csv
2025-04-22 15:30:30,613 - INFO - sub_id.py:47 -  Found sub-PCX-PCT927 in PCX-PCT927-phone_gps_dist_hourly-day1to125.csv
2025-04-22 15:30:30,614 - INFO - sub_id.py:47 -  Found sub-PCX-PCT927 in PCX-PCT927-phone_gps_dist_hourly-day1to109.csv
2025-04-22 15:30:30,614 - INFO - sub_id.py:47 -  Found sub-PCX-PCT927 in PCX-PCT927-phone_gps_dist_hourly-day1to121.csv
2025-04-22 15:30:30,615 - INFO - sub_id.py:47 -  Found sub-PCX-PCT927 in PCX-PCT927-phone_gps_dist_hourly-day1to120.csv
2025-04-22 15:30:30,615 - INFO - sub_id.py:47 -  Found sub-PCX-PCT927 in PCX-PCT927-phone_gps_dist_hourly-day1to108.csv
2025-04-22 15:30:30,616 - INFO - sub_id.py:47 -  Found sub-PCX-PCT927 in PCX-PCT927-phone_gps_dist_hourly-day1to122.csv
2025-04-22 15:30:30,616 - INFO - sub_id.py:47 -  Found sub-PCX-PCT927 in PCX-PCT927-phone_gps_dist_hourly-day1to123.csv
2025-04-22 15:30:30,617 - INFO - sub_id.py:47 -  Found sub-PCX-PCT927 in PCX-PCT927-phone_gps_dist_hourly-day1to106.csv
2025-04-22 15:30:30,617 - INFO - sub_id.py:47 -  Found sub-PCX-PCT927 in PCX-PCT927-phone_gps_dist_hourly-day1to112.csv
2025-04-22 15:30:30,618 - INFO - sub_id.py:47 -  Found sub-PCX-PCT927 in PCX-PCT927-phone_gps_dist_hourly-day1to113.csv
2025-04-22 15:30:30,618 - INFO - sub_id.py:47 -  Found sub-PCX-PCT927 in PCX-PCT927-phone_gps_dist_hourly-day1to107.csv
2025-04-22 15:30:30,619 - INFO - sub_id.py:47 -  Found sub-PCX-PCT927 in PCX-PCT927-phone_gps_dist_hourly-day1to111.csv
2025-04-22 15:30:30,619 - INFO - sub_id.py:47 -  Found sub-PCX-PCT927 in PCX-PCT927-phone_gps_dist_hourly-day1to105.csv
2025-04-22 15:30:30,620 - INFO - sub_id.py:47 -  Found sub-PCX-PCT927 in PCX-PCT927-phone_gps_dist_hourly-day1to104.csv
2025-04-22 15:30:30,620 - INFO - sub_id.py:47 -  Found sub-PCX-PCT927 in PCX-PCT927-phone_gps_dist_hourly-day1to110.csv
2025-04-22 15:30:30,621 - INFO - sub_id.py:47 -  Found sub-PCX-PCT927 in PCX-PCT927-phone_gps_dist_hourly-day1to114.csv
2025-04-22 15:30:30,621 - INFO - sub_id.py:47 -  Found sub-PCX-PCT927 in PCX-PCT927-phone_gps_dist_hourly-day1to115.csv
2025-04-22 15:30:30,622 - INFO - sub_id.py:47 -  Found sub-PCX-PCT927 in PCX-PCT927-phone_gps_dist_hourly-day1to117.csv
2025-04-22 15:30:30,622 - INFO - sub_id.py:47 -  Found sub-PCX-PCT927 in PCX-PCT927-phone_gps_dist_hourly-day1to116.csv
2025-04-22 15:30:30,623 - INFO - sub_id.py:47 -  Found sub-PCX-PCT927 in PCX-PCT927-phone_accel_activityScores_hourly-day1to125.csv
2025-04-22 15:30:30,624 - INFO - subject.py:96 - Found power files for: dict_keys(['sub-PCX-PCT929', 'sub-PCX-PCT927'])
2025-04-22 15:30:30,624 - INFO - subject.py:97 - Found accel files for: dict_keys(['sub-PCX-PCT929', 'sub-PCX-PCT927'])
2025-04-22 15:30:30,624 - INFO - subject.py:98 - Found gps files for: dict_keys(['sub-PCX-PCT929', 'sub-PCX-PCT927'])
2025-04-22 15:30:30,624 - INFO - paths.py:106 - Using cached path: /Users/demo/Library/CloudStorage/Box-Box/Holmes_Lab_Wiki/PCX_Round2/Admin/Data-dashboard/utilities/sheets/key_to_readable_name.xlsx
2025-04-22 15:30:30,636 - INFO - subject.py:257 -          reftime  day timeofday  weekday  ...  activityScore_hour24      subject_id  daily_hr_average  daily_mins
64  1.727400e+12    1   0:00:00        7  ...                   NaN  sub-PCX-PCT927               NaN        0.00
65  1.727480e+12    2   0:00:00        1  ...                  4.60  sub-PCX-PCT927          4.341333       65.12
66  1.727570e+12    3   0:00:00        2  ...                  1.82  sub-PCX-PCT927          3.812083       91.49
67  1.727650e+12    4   0:00:00        3  ...                   NaN  sub-PCX-PCT927          3.292727       72.44
68  1.727740e+12    5   0:00:00        4  ...                  2.55  sub-PCX-PCT927          3.612500       43.35

[5 rows x 31 columns]
2025-04-22 15:30:30,643 - INFO - paths.py:106 - Using cached path: /Users/demo/Library/CloudStorage/Box-Box/Holmes_Lab_Wiki/PCX_Round2/Admin/subject_logs
2025-04-22 15:30:30,643 - INFO - sub_id.py:47 -  Found sub-PCR2Pilot in sub-PCR2Pilot.xlsx
2025-04-22 15:30:30,649 - INFO - sub_id.py:47 -  Found sub-PCR2Pilot2 in sub-PCR2Pilot2.xlsx
2025-04-22 15:30:30,654 - INFO - dashboard.py:59 - Subs in dashboard.py has keys dict_keys(['sub-PCR2Pilot', 'sub-PCR2Pilot2'])
2025-04-22 15:31:09,001 - INFO - paths.py:106 - Using cached path: /Users/demo/Library/CloudStorage/Box-Box/Holmes_Lab_Wiki/PCX_Round2/Admin/subject_logs
2025-04-22 15:31:09,002 - INFO - sub_id.py:47 -  Found sub-PCR2Pilot in sub-PCR2Pilot.xlsx
2025-04-22 15:31:09,046 - INFO - sub_id.py:47 -  Found sub-PCR2Pilot2 in sub-PCR2Pilot2.xlsx
2025-04-22 15:31:09,054 - INFO - subject.py:49 - Subs in subject.py has keys dict_keys(['sub-PCR2Pilot', 'sub-PCR2Pilot2'])
2025-04-22 15:31:09,054 - INFO - paths.py:106 - Using cached path: /Users/demo/Library/CloudStorage/Box-Box/Holmes_Lab_Wiki/PCX_Round2/Data/mindlamp_data
2025-04-22 15:31:09,054 - WARNING - sub_id.py:51 - ⚠️ Warning: no subject ID found in power_activityScores_hourly.csv. Type: <class 'str'>
2025-04-22 15:31:09,054 - WARNING - sub_id.py:51 - ⚠️ Warning: no subject ID found in accel_activityScores_hourly.csv. Type: <class 'str'>
2025-04-22 15:31:09,054 - INFO - sub_id.py:47 -  Found sub-PCX-PCT929 in PCX-PCT929-phone_power_activityScores_hourly-day1to64.csv
2025-04-22 15:31:09,056 - INFO - sub_id.py:47 -  Found sub-PCX-PCT929 in PCX-PCT929-phone_gps_dist_hourly-day1to64.csv
2025-04-22 15:31:09,056 - INFO - sub_id.py:47 -  Found sub-PCX-PCT929 in PCX-PCT929-phone_accel_activityScores_hourly-day1to64.csv
2025-04-22 15:31:09,057 - INFO - sub_id.py:47 -  Found sub-PCX-PCT927 in PCX-PCT927-phone_power_activityScores_hourly-day1to125.csv
2025-04-22 15:31:09,058 - INFO - sub_id.py:47 -  Found sub-PCX-PCT927 in PCX-PCT927-phone_gps_dist_hourly-day1to124.csv
2025-04-22 15:31:09,058 - INFO - sub_id.py:47 -  Found sub-PCX-PCT927 in PCX-PCT927-phone_gps_dist_hourly-day1to118.csv
2025-04-22 15:31:09,059 - INFO - sub_id.py:47 -  Found sub-PCX-PCT927 in PCX-PCT927-phone_gps_dist_hourly-day1to119.csv
2025-04-22 15:31:09,059 - INFO - sub_id.py:47 -  Found sub-PCX-PCT927 in PCX-PCT927-phone_gps_dist_hourly-day1to125.csv
2025-04-22 15:31:09,060 - INFO - sub_id.py:47 -  Found sub-PCX-PCT927 in PCX-PCT927-phone_gps_dist_hourly-day1to109.csv
2025-04-22 15:31:09,060 - INFO - sub_id.py:47 -  Found sub-PCX-PCT927 in PCX-PCT927-phone_gps_dist_hourly-day1to121.csv
2025-04-22 15:31:09,061 - INFO - sub_id.py:47 -  Found sub-PCX-PCT927 in PCX-PCT927-phone_gps_dist_hourly-day1to120.csv
2025-04-22 15:31:09,061 - INFO - sub_id.py:47 -  Found sub-PCX-PCT927 in PCX-PCT927-phone_gps_dist_hourly-day1to108.csv
2025-04-22 15:31:09,062 - INFO - sub_id.py:47 -  Found sub-PCX-PCT927 in PCX-PCT927-phone_gps_dist_hourly-day1to122.csv
2025-04-22 15:31:09,062 - INFO - sub_id.py:47 -  Found sub-PCX-PCT927 in PCX-PCT927-phone_gps_dist_hourly-day1to123.csv
2025-04-22 15:31:09,063 - INFO - sub_id.py:47 -  Found sub-PCX-PCT927 in PCX-PCT927-phone_gps_dist_hourly-day1to106.csv
2025-04-22 15:31:09,063 - INFO - sub_id.py:47 -  Found sub-PCX-PCT927 in PCX-PCT927-phone_gps_dist_hourly-day1to112.csv
2025-04-22 15:31:09,064 - INFO - sub_id.py:47 -  Found sub-PCX-PCT927 in PCX-PCT927-phone_gps_dist_hourly-day1to113.csv
2025-04-22 15:31:09,064 - INFO - sub_id.py:47 -  Found sub-PCX-PCT927 in PCX-PCT927-phone_gps_dist_hourly-day1to107.csv
2025-04-22 15:31:09,065 - INFO - sub_id.py:47 -  Found sub-PCX-PCT927 in PCX-PCT927-phone_gps_dist_hourly-day1to111.csv
2025-04-22 15:31:09,065 - INFO - sub_id.py:47 -  Found sub-PCX-PCT927 in PCX-PCT927-phone_gps_dist_hourly-day1to105.csv
2025-04-22 15:31:09,066 - INFO - sub_id.py:47 -  Found sub-PCX-PCT927 in PCX-PCT927-phone_gps_dist_hourly-day1to104.csv
2025-04-22 15:31:09,067 - INFO - sub_id.py:47 -  Found sub-PCX-PCT927 in PCX-PCT927-phone_gps_dist_hourly-day1to110.csv
2025-04-22 15:31:09,067 - INFO - sub_id.py:47 -  Found sub-PCX-PCT927 in PCX-PCT927-phone_gps_dist_hourly-day1to114.csv
2025-04-22 15:31:09,068 - INFO - sub_id.py:47 -  Found sub-PCX-PCT927 in PCX-PCT927-phone_gps_dist_hourly-day1to115.csv
2025-04-22 15:31:09,068 - INFO - sub_id.py:47 -  Found sub-PCX-PCT927 in PCX-PCT927-phone_gps_dist_hourly-day1to117.csv
2025-04-22 15:31:09,069 - INFO - sub_id.py:47 -  Found sub-PCX-PCT927 in PCX-PCT927-phone_gps_dist_hourly-day1to116.csv
2025-04-22 15:31:09,069 - INFO - sub_id.py:47 -  Found sub-PCX-PCT927 in PCX-PCT927-phone_accel_activityScores_hourly-day1to125.csv
2025-04-22 15:31:09,070 - INFO - subject.py:96 - Found power files for: dict_keys(['sub-PCX-PCT929', 'sub-PCX-PCT927'])
2025-04-22 15:31:09,070 - INFO - subject.py:97 - Found accel files for: dict_keys(['sub-PCX-PCT929', 'sub-PCX-PCT927'])
2025-04-22 15:31:09,070 - INFO - subject.py:98 - Found gps files for: dict_keys(['sub-PCX-PCT929', 'sub-PCX-PCT927'])
2025-04-22 15:31:09,071 - INFO - paths.py:106 - Using cached path: /Users/demo/Library/CloudStorage/Box-Box/Holmes_Lab_Wiki/PCX_Round2/Admin/Data-dashboard/utilities/sheets/key_to_readable_name.xlsx
2025-04-22 15:31:09,083 - INFO - subject.py:256 -          reftime  day timeofday  weekday  ...  activityScore_hour24      subject_id  daily_hr_average  daily_mins
64  1.727400e+12    1   0:00:00        7  ...                   NaN  sub-PCX-PCT927               NaN        0.00
65  1.727480e+12    2   0:00:00        1  ...                  4.60  sub-PCX-PCT927          4.341333       65.12
66  1.727570e+12    3   0:00:00        2  ...                  1.82  sub-PCX-PCT927          3.812083       91.49
67  1.727650e+12    4   0:00:00        3  ...                   NaN  sub-PCX-PCT927          3.292727       72.44
68  1.727740e+12    5   0:00:00        4  ...                  2.55  sub-PCX-PCT927          3.612500       43.35

[5 rows x 31 columns]
2025-04-22 15:31:09,089 - INFO - paths.py:106 - Using cached path: /Users/demo/Library/CloudStorage/Box-Box/Holmes_Lab_Wiki/PCX_Round2/Admin/subject_logs
2025-04-22 15:31:09,089 - INFO - sub_id.py:47 -  Found sub-PCR2Pilot in sub-PCR2Pilot.xlsx
2025-04-22 15:31:09,095 - INFO - sub_id.py:47 -  Found sub-PCR2Pilot2 in sub-PCR2Pilot2.xlsx
2025-04-22 15:31:09,101 - INFO - dashboard.py:59 - Subs in dashboard.py has keys dict_keys(['sub-PCR2Pilot', 'sub-PCR2Pilot2'])
2025-04-22 15:31:16,099 - INFO - paths.py:106 - Using cached path: /Users/demo/Library/CloudStorage/Box-Box/Holmes_Lab_Wiki/PCX_Round2/Admin/subject_logs
2025-04-22 15:31:16,099 - INFO - sub_id.py:47 -  Found sub-PCR2Pilot in sub-PCR2Pilot.xlsx
2025-04-22 15:31:16,145 - INFO - sub_id.py:47 -  Found sub-PCR2Pilot2 in sub-PCR2Pilot2.xlsx
2025-04-22 15:31:16,151 - INFO - subject.py:49 - Subs in subject.py has keys dict_keys(['sub-PCR2Pilot', 'sub-PCR2Pilot2'])
2025-04-22 15:31:16,152 - INFO - paths.py:106 - Using cached path: /Users/demo/Library/CloudStorage/Box-Box/Holmes_Lab_Wiki/PCX_Round2/Data/mindlamp_data
2025-04-22 15:31:16,152 - WARNING - sub_id.py:51 - ⚠️ Warning: no subject ID found in power_activityScores_hourly.csv. Type: <class 'str'>
2025-04-22 15:31:16,152 - WARNING - sub_id.py:51 - ⚠️ Warning: no subject ID found in accel_activityScores_hourly.csv. Type: <class 'str'>
2025-04-22 15:31:16,152 - INFO - sub_id.py:47 -  Found sub-PCX-PCT929 in PCX-PCT929-phone_power_activityScores_hourly-day1to64.csv
2025-04-22 15:31:16,153 - INFO - sub_id.py:47 -  Found sub-PCX-PCT929 in PCX-PCT929-phone_gps_dist_hourly-day1to64.csv
2025-04-22 15:31:16,154 - INFO - sub_id.py:47 -  Found sub-PCX-PCT929 in PCX-PCT929-phone_accel_activityScores_hourly-day1to64.csv
2025-04-22 15:31:16,154 - INFO - sub_id.py:47 -  Found sub-PCX-PCT927 in PCX-PCT927-phone_power_activityScores_hourly-day1to125.csv
2025-04-22 15:31:16,155 - INFO - sub_id.py:47 -  Found sub-PCX-PCT927 in PCX-PCT927-phone_gps_dist_hourly-day1to124.csv
2025-04-22 15:31:16,155 - INFO - sub_id.py:47 -  Found sub-PCX-PCT927 in PCX-PCT927-phone_gps_dist_hourly-day1to118.csv
2025-04-22 15:31:16,156 - INFO - sub_id.py:47 -  Found sub-PCX-PCT927 in PCX-PCT927-phone_gps_dist_hourly-day1to119.csv
2025-04-22 15:31:16,156 - INFO - sub_id.py:47 -  Found sub-PCX-PCT927 in PCX-PCT927-phone_gps_dist_hourly-day1to125.csv
2025-04-22 15:31:16,157 - INFO - sub_id.py:47 -  Found sub-PCX-PCT927 in PCX-PCT927-phone_gps_dist_hourly-day1to109.csv
2025-04-22 15:31:16,157 - INFO - sub_id.py:47 -  Found sub-PCX-PCT927 in PCX-PCT927-phone_gps_dist_hourly-day1to121.csv
2025-04-22 15:31:16,158 - INFO - sub_id.py:47 -  Found sub-PCX-PCT927 in PCX-PCT927-phone_gps_dist_hourly-day1to120.csv
2025-04-22 15:31:16,159 - INFO - sub_id.py:47 -  Found sub-PCX-PCT927 in PCX-PCT927-phone_gps_dist_hourly-day1to108.csv
2025-04-22 15:31:16,159 - INFO - sub_id.py:47 -  Found sub-PCX-PCT927 in PCX-PCT927-phone_gps_dist_hourly-day1to122.csv
2025-04-22 15:31:16,160 - INFO - sub_id.py:47 -  Found sub-PCX-PCT927 in PCX-PCT927-phone_gps_dist_hourly-day1to123.csv
2025-04-22 15:31:16,161 - INFO - sub_id.py:47 -  Found sub-PCX-PCT927 in PCX-PCT927-phone_gps_dist_hourly-day1to106.csv
2025-04-22 15:31:16,161 - INFO - sub_id.py:47 -  Found sub-PCX-PCT927 in PCX-PCT927-phone_gps_dist_hourly-day1to112.csv
2025-04-22 15:31:16,162 - INFO - sub_id.py:47 -  Found sub-PCX-PCT927 in PCX-PCT927-phone_gps_dist_hourly-day1to113.csv
2025-04-22 15:31:16,163 - INFO - sub_id.py:47 -  Found sub-PCX-PCT927 in PCX-PCT927-phone_gps_dist_hourly-day1to107.csv
2025-04-22 15:31:16,163 - INFO - sub_id.py:47 -  Found sub-PCX-PCT927 in PCX-PCT927-phone_gps_dist_hourly-day1to111.csv
2025-04-22 15:31:16,164 - INFO - sub_id.py:47 -  Found sub-PCX-PCT927 in PCX-PCT927-phone_gps_dist_hourly-day1to105.csv
2025-04-22 15:31:16,164 - INFO - sub_id.py:47 -  Found sub-PCX-PCT927 in PCX-PCT927-phone_gps_dist_hourly-day1to104.csv
2025-04-22 15:31:16,165 - INFO - sub_id.py:47 -  Found sub-PCX-PCT927 in PCX-PCT927-phone_gps_dist_hourly-day1to110.csv
2025-04-22 15:31:16,165 - INFO - sub_id.py:47 -  Found sub-PCX-PCT927 in PCX-PCT927-phone_gps_dist_hourly-day1to114.csv
2025-04-22 15:31:16,166 - INFO - sub_id.py:47 -  Found sub-PCX-PCT927 in PCX-PCT927-phone_gps_dist_hourly-day1to115.csv
2025-04-22 15:31:16,166 - INFO - sub_id.py:47 -  Found sub-PCX-PCT927 in PCX-PCT927-phone_gps_dist_hourly-day1to117.csv
2025-04-22 15:31:16,167 - INFO - sub_id.py:47 -  Found sub-PCX-PCT927 in PCX-PCT927-phone_gps_dist_hourly-day1to116.csv
2025-04-22 15:31:16,167 - INFO - sub_id.py:47 -  Found sub-PCX-PCT927 in PCX-PCT927-phone_accel_activityScores_hourly-day1to125.csv
2025-04-22 15:31:16,168 - INFO - subject.py:96 - Found power files for: dict_keys(['sub-PCX-PCT929', 'sub-PCX-PCT927'])
2025-04-22 15:31:16,168 - INFO - subject.py:97 - Found accel files for: dict_keys(['sub-PCX-PCT929', 'sub-PCX-PCT927'])
2025-04-22 15:31:16,168 - INFO - subject.py:98 - Found gps files for: dict_keys(['sub-PCX-PCT929', 'sub-PCX-PCT927'])
2025-04-22 15:31:16,168 - INFO - paths.py:106 - Using cached path: /Users/demo/Library/CloudStorage/Box-Box/Holmes_Lab_Wiki/PCX_Round2/Admin/Data-dashboard/utilities/sheets/key_to_readable_name.xlsx
2025-04-22 15:31:16,180 - INFO - subject.py:256 -          reftime  day timeofday  weekday  ...  activityScore_hour24      subject_id  daily_hr_average  daily_mins
64  1.727400e+12    1   0:00:00        7  ...                   NaN  sub-PCX-PCT927               NaN        0.00
65  1.727480e+12    2   0:00:00        1  ...                  4.60  sub-PCX-PCT927          4.341333       65.12
66  1.727570e+12    3   0:00:00        2  ...                  1.82  sub-PCX-PCT927          3.812083       91.49
67  1.727650e+12    4   0:00:00        3  ...                   NaN  sub-PCX-PCT927          3.292727       72.44
68  1.727740e+12    5   0:00:00        4  ...                  2.55  sub-PCX-PCT927          3.612500       43.35

[5 rows x 31 columns]
2025-04-22 15:31:16,187 - INFO - paths.py:106 - Using cached path: /Users/demo/Library/CloudStorage/Box-Box/Holmes_Lab_Wiki/PCX_Round2/Admin/subject_logs
2025-04-22 15:31:16,187 - INFO - sub_id.py:47 -  Found sub-PCR2Pilot in sub-PCR2Pilot.xlsx
2025-04-22 15:31:16,194 - INFO - sub_id.py:47 -  Found sub-PCR2Pilot2 in sub-PCR2Pilot2.xlsx
2025-04-22 15:31:16,200 - INFO - dashboard.py:59 - Subs in dashboard.py has keys dict_keys(['sub-PCR2Pilot', 'sub-PCR2Pilot2'])
2025-04-22 15:31:26,345 - INFO - paths.py:106 - Using cached path: /Users/demo/Library/CloudStorage/Box-Box/Holmes_Lab_Wiki/PCX_Round2/Admin/subject_logs
2025-04-22 15:31:26,346 - INFO - sub_id.py:47 -  Found sub-PCR2Pilot in sub-PCR2Pilot.xlsx
2025-04-22 15:31:26,389 - INFO - sub_id.py:47 -  Found sub-PCR2Pilot2 in sub-PCR2Pilot2.xlsx
2025-04-22 15:31:26,396 - INFO - subject.py:49 - Subs in subject.py has keys dict_keys(['sub-PCR2Pilot', 'sub-PCR2Pilot2'])
2025-04-22 15:31:26,397 - INFO - paths.py:106 - Using cached path: /Users/demo/Library/CloudStorage/Box-Box/Holmes_Lab_Wiki/PCX_Round2/Data/mindlamp_data
2025-04-22 15:31:26,397 - WARNING - sub_id.py:51 - ⚠️ Warning: no subject ID found in power_activityScores_hourly.csv. Type: <class 'str'>
2025-04-22 15:31:26,397 - WARNING - sub_id.py:51 - ⚠️ Warning: no subject ID found in accel_activityScores_hourly.csv. Type: <class 'str'>
2025-04-22 15:31:26,397 - INFO - sub_id.py:47 -  Found sub-PCX-PCT929 in PCX-PCT929-phone_power_activityScores_hourly-day1to64.csv
2025-04-22 15:31:26,398 - INFO - sub_id.py:47 -  Found sub-PCX-PCT929 in PCX-PCT929-phone_gps_dist_hourly-day1to64.csv
2025-04-22 15:31:26,399 - INFO - sub_id.py:47 -  Found sub-PCX-PCT929 in PCX-PCT929-phone_accel_activityScores_hourly-day1to64.csv
2025-04-22 15:31:26,400 - INFO - sub_id.py:47 -  Found sub-PCX-PCT927 in PCX-PCT927-phone_power_activityScores_hourly-day1to125.csv
2025-04-22 15:31:26,400 - INFO - sub_id.py:47 -  Found sub-PCX-PCT927 in PCX-PCT927-phone_gps_dist_hourly-day1to124.csv
2025-04-22 15:31:26,401 - INFO - sub_id.py:47 -  Found sub-PCX-PCT927 in PCX-PCT927-phone_gps_dist_hourly-day1to118.csv
2025-04-22 15:31:26,401 - INFO - sub_id.py:47 -  Found sub-PCX-PCT927 in PCX-PCT927-phone_gps_dist_hourly-day1to119.csv
2025-04-22 15:31:26,402 - INFO - sub_id.py:47 -  Found sub-PCX-PCT927 in PCX-PCT927-phone_gps_dist_hourly-day1to125.csv
2025-04-22 15:31:26,402 - INFO - sub_id.py:47 -  Found sub-PCX-PCT927 in PCX-PCT927-phone_gps_dist_hourly-day1to109.csv
2025-04-22 15:31:26,403 - INFO - sub_id.py:47 -  Found sub-PCX-PCT927 in PCX-PCT927-phone_gps_dist_hourly-day1to121.csv
2025-04-22 15:31:26,403 - INFO - sub_id.py:47 -  Found sub-PCX-PCT927 in PCX-PCT927-phone_gps_dist_hourly-day1to120.csv
2025-04-22 15:31:26,404 - INFO - sub_id.py:47 -  Found sub-PCX-PCT927 in PCX-PCT927-phone_gps_dist_hourly-day1to108.csv
2025-04-22 15:31:26,404 - INFO - sub_id.py:47 -  Found sub-PCX-PCT927 in PCX-PCT927-phone_gps_dist_hourly-day1to122.csv
2025-04-22 15:31:26,405 - INFO - sub_id.py:47 -  Found sub-PCX-PCT927 in PCX-PCT927-phone_gps_dist_hourly-day1to123.csv
2025-04-22 15:31:26,405 - INFO - sub_id.py:47 -  Found sub-PCX-PCT927 in PCX-PCT927-phone_gps_dist_hourly-day1to106.csv
2025-04-22 15:31:26,406 - INFO - sub_id.py:47 -  Found sub-PCX-PCT927 in PCX-PCT927-phone_gps_dist_hourly-day1to112.csv
2025-04-22 15:31:26,406 - INFO - sub_id.py:47 -  Found sub-PCX-PCT927 in PCX-PCT927-phone_gps_dist_hourly-day1to113.csv
2025-04-22 15:31:26,407 - INFO - sub_id.py:47 -  Found sub-PCX-PCT927 in PCX-PCT927-phone_gps_dist_hourly-day1to107.csv
2025-04-22 15:31:26,407 - INFO - sub_id.py:47 -  Found sub-PCX-PCT927 in PCX-PCT927-phone_gps_dist_hourly-day1to111.csv
2025-04-22 15:31:26,407 - INFO - sub_id.py:47 -  Found sub-PCX-PCT927 in PCX-PCT927-phone_gps_dist_hourly-day1to105.csv
2025-04-22 15:31:26,408 - INFO - sub_id.py:47 -  Found sub-PCX-PCT927 in PCX-PCT927-phone_gps_dist_hourly-day1to104.csv
2025-04-22 15:31:26,408 - INFO - sub_id.py:47 -  Found sub-PCX-PCT927 in PCX-PCT927-phone_gps_dist_hourly-day1to110.csv
2025-04-22 15:31:26,409 - INFO - sub_id.py:47 -  Found sub-PCX-PCT927 in PCX-PCT927-phone_gps_dist_hourly-day1to114.csv
2025-04-22 15:31:26,409 - INFO - sub_id.py:47 -  Found sub-PCX-PCT927 in PCX-PCT927-phone_gps_dist_hourly-day1to115.csv
2025-04-22 15:31:26,410 - INFO - sub_id.py:47 -  Found sub-PCX-PCT927 in PCX-PCT927-phone_gps_dist_hourly-day1to117.csv
2025-04-22 15:31:26,410 - INFO - sub_id.py:47 -  Found sub-PCX-PCT927 in PCX-PCT927-phone_gps_dist_hourly-day1to116.csv
2025-04-22 15:31:26,411 - INFO - sub_id.py:47 -  Found sub-PCX-PCT927 in PCX-PCT927-phone_accel_activityScores_hourly-day1to125.csv
2025-04-22 15:31:26,411 - INFO - subject.py:96 - Found power files for: dict_keys(['sub-PCX-PCT929', 'sub-PCX-PCT927'])
2025-04-22 15:31:26,411 - INFO - subject.py:97 - Found accel files for: dict_keys(['sub-PCX-PCT929', 'sub-PCX-PCT927'])
2025-04-22 15:31:26,411 - INFO - subject.py:98 - Found gps files for: dict_keys(['sub-PCX-PCT929', 'sub-PCX-PCT927'])
2025-04-22 15:31:26,412 - INFO - paths.py:106 - Using cached path: /Users/demo/Library/CloudStorage/Box-Box/Holmes_Lab_Wiki/PCX_Round2/Admin/Data-dashboard/utilities/sheets/key_to_readable_name.xlsx
2025-04-22 15:31:26,424 - INFO - subject.py:256 -          reftime  day timeofday  weekday  ...  activityScore_hour24      subject_id  daily_hr_average  daily_mins
64  1.727400e+12    1   0:00:00        7  ...                   NaN  sub-PCX-PCT927               NaN        0.00
65  1.727480e+12    2   0:00:00        1  ...                  4.60  sub-PCX-PCT927          4.341333       65.12
66  1.727570e+12    3   0:00:00        2  ...                  1.82  sub-PCX-PCT927          3.812083       91.49
67  1.727650e+12    4   0:00:00        3  ...                   NaN  sub-PCX-PCT927          3.292727       72.44
68  1.727740e+12    5   0:00:00        4  ...                  2.55  sub-PCX-PCT927          3.612500       43.35

[5 rows x 31 columns]
2025-04-22 15:31:26,431 - INFO - paths.py:106 - Using cached path: /Users/demo/Library/CloudStorage/Box-Box/Holmes_Lab_Wiki/PCX_Round2/Admin/subject_logs
2025-04-22 15:31:26,431 - INFO - sub_id.py:47 -  Found sub-PCR2Pilot in sub-PCR2Pilot.xlsx
2025-04-22 15:31:26,437 - INFO - sub_id.py:47 -  Found sub-PCR2Pilot2 in sub-PCR2Pilot2.xlsx
2025-04-22 15:31:26,444 - INFO - dashboard.py:59 - Subs in dashboard.py has keys dict_keys(['sub-PCR2Pilot', 'sub-PCR2Pilot2'])
2025-04-22 15:31:33,472 - INFO - paths.py:106 - Using cached path: /Users/demo/Library/CloudStorage/Box-Box/Holmes_Lab_Wiki/PCX_Round2/Admin/subject_logs
2025-04-22 15:31:33,473 - INFO - sub_id.py:47 -  Found sub-PCR2Pilot in sub-PCR2Pilot.xlsx
2025-04-22 15:31:33,514 - INFO - sub_id.py:47 -  Found sub-PCR2Pilot2 in sub-PCR2Pilot2.xlsx
2025-04-22 15:31:33,520 - INFO - subject.py:49 - Subs in subject.py has keys dict_keys(['sub-PCR2Pilot', 'sub-PCR2Pilot2'])
2025-04-22 15:31:33,520 - INFO - paths.py:106 - Using cached path: /Users/demo/Library/CloudStorage/Box-Box/Holmes_Lab_Wiki/PCX_Round2/Data/mindlamp_data
2025-04-22 15:31:33,520 - WARNING - sub_id.py:51 - ⚠️ Warning: no subject ID found in power_activityScores_hourly.csv. Type: <class 'str'>
2025-04-22 15:31:33,520 - WARNING - sub_id.py:51 - ⚠️ Warning: no subject ID found in accel_activityScores_hourly.csv. Type: <class 'str'>
2025-04-22 15:31:33,520 - INFO - sub_id.py:47 -  Found sub-PCX-PCT929 in PCX-PCT929-phone_power_activityScores_hourly-day1to64.csv
2025-04-22 15:31:33,521 - INFO - sub_id.py:47 -  Found sub-PCX-PCT929 in PCX-PCT929-phone_gps_dist_hourly-day1to64.csv
2025-04-22 15:31:33,522 - INFO - sub_id.py:47 -  Found sub-PCX-PCT929 in PCX-PCT929-phone_accel_activityScores_hourly-day1to64.csv
2025-04-22 15:31:33,523 - INFO - sub_id.py:47 -  Found sub-PCX-PCT927 in PCX-PCT927-phone_power_activityScores_hourly-day1to125.csv
2025-04-22 15:31:33,523 - INFO - sub_id.py:47 -  Found sub-PCX-PCT927 in PCX-PCT927-phone_gps_dist_hourly-day1to124.csv
2025-04-22 15:31:33,524 - INFO - sub_id.py:47 -  Found sub-PCX-PCT927 in PCX-PCT927-phone_gps_dist_hourly-day1to118.csv
2025-04-22 15:31:33,524 - INFO - sub_id.py:47 -  Found sub-PCX-PCT927 in PCX-PCT927-phone_gps_dist_hourly-day1to119.csv
2025-04-22 15:31:33,525 - INFO - sub_id.py:47 -  Found sub-PCX-PCT927 in PCX-PCT927-phone_gps_dist_hourly-day1to125.csv
2025-04-22 15:31:33,525 - INFO - sub_id.py:47 -  Found sub-PCX-PCT927 in PCX-PCT927-phone_gps_dist_hourly-day1to109.csv
2025-04-22 15:31:33,525 - INFO - sub_id.py:47 -  Found sub-PCX-PCT927 in PCX-PCT927-phone_gps_dist_hourly-day1to121.csv
2025-04-22 15:31:33,526 - INFO - sub_id.py:47 -  Found sub-PCX-PCT927 in PCX-PCT927-phone_gps_dist_hourly-day1to120.csv
2025-04-22 15:31:33,526 - INFO - sub_id.py:47 -  Found sub-PCX-PCT927 in PCX-PCT927-phone_gps_dist_hourly-day1to108.csv
2025-04-22 15:31:33,527 - INFO - sub_id.py:47 -  Found sub-PCX-PCT927 in PCX-PCT927-phone_gps_dist_hourly-day1to122.csv
2025-04-22 15:31:33,527 - INFO - sub_id.py:47 -  Found sub-PCX-PCT927 in PCX-PCT927-phone_gps_dist_hourly-day1to123.csv
2025-04-22 15:31:33,528 - INFO - sub_id.py:47 -  Found sub-PCX-PCT927 in PCX-PCT927-phone_gps_dist_hourly-day1to106.csv
2025-04-22 15:31:33,528 - INFO - sub_id.py:47 -  Found sub-PCX-PCT927 in PCX-PCT927-phone_gps_dist_hourly-day1to112.csv
2025-04-22 15:31:33,529 - INFO - sub_id.py:47 -  Found sub-PCX-PCT927 in PCX-PCT927-phone_gps_dist_hourly-day1to113.csv
2025-04-22 15:31:33,529 - INFO - sub_id.py:47 -  Found sub-PCX-PCT927 in PCX-PCT927-phone_gps_dist_hourly-day1to107.csv
2025-04-22 15:31:33,530 - INFO - sub_id.py:47 -  Found sub-PCX-PCT927 in PCX-PCT927-phone_gps_dist_hourly-day1to111.csv
2025-04-22 15:31:33,530 - INFO - sub_id.py:47 -  Found sub-PCX-PCT927 in PCX-PCT927-phone_gps_dist_hourly-day1to105.csv
2025-04-22 15:31:33,530 - INFO - sub_id.py:47 -  Found sub-PCX-PCT927 in PCX-PCT927-phone_gps_dist_hourly-day1to104.csv
2025-04-22 15:31:33,531 - INFO - sub_id.py:47 -  Found sub-PCX-PCT927 in PCX-PCT927-phone_gps_dist_hourly-day1to110.csv
2025-04-22 15:31:33,531 - INFO - sub_id.py:47 -  Found sub-PCX-PCT927 in PCX-PCT927-phone_gps_dist_hourly-day1to114.csv
2025-04-22 15:31:33,532 - INFO - sub_id.py:47 -  Found sub-PCX-PCT927 in PCX-PCT927-phone_gps_dist_hourly-day1to115.csv
2025-04-22 15:31:33,532 - INFO - sub_id.py:47 -  Found sub-PCX-PCT927 in PCX-PCT927-phone_gps_dist_hourly-day1to117.csv
2025-04-22 15:31:33,533 - INFO - sub_id.py:47 -  Found sub-PCX-PCT927 in PCX-PCT927-phone_gps_dist_hourly-day1to116.csv
2025-04-22 15:31:33,533 - INFO - sub_id.py:47 -  Found sub-PCX-PCT927 in PCX-PCT927-phone_accel_activityScores_hourly-day1to125.csv
2025-04-22 15:31:33,534 - INFO - subject.py:96 - Found power files for: dict_keys(['sub-PCX-PCT929', 'sub-PCX-PCT927'])
2025-04-22 15:31:33,534 - INFO - subject.py:97 - Found accel files for: dict_keys(['sub-PCX-PCT929', 'sub-PCX-PCT927'])
2025-04-22 15:31:33,534 - INFO - subject.py:98 - Found gps files for: dict_keys(['sub-PCX-PCT929', 'sub-PCX-PCT927'])
2025-04-22 15:31:33,534 - INFO - paths.py:106 - Using cached path: /Users/demo/Library/CloudStorage/Box-Box/Holmes_Lab_Wiki/PCX_Round2/Admin/Data-dashboard/utilities/sheets/key_to_readable_name.xlsx
2025-04-22 15:31:33,544 - INFO - subject.py:256 -          reftime  day timeofday  weekday  ...  activityScore_hour24      subject_id  daily_hr_average  daily_mins
64  1.727400e+12    1   0:00:00        7  ...                   NaN  sub-PCX-PCT927               NaN        0.00
65  1.727480e+12    2   0:00:00        1  ...                  4.60  sub-PCX-PCT927          4.341333       65.12
66  1.727570e+12    3   0:00:00        2  ...                  1.82  sub-PCX-PCT927          3.812083       91.49
67  1.727650e+12    4   0:00:00        3  ...                   NaN  sub-PCX-PCT927          3.292727       72.44
68  1.727740e+12    5   0:00:00        4  ...                  2.55  sub-PCX-PCT927          3.612500       43.35

[5 rows x 31 columns]
2025-04-22 15:31:33,551 - INFO - paths.py:106 - Using cached path: /Users/demo/Library/CloudStorage/Box-Box/Holmes_Lab_Wiki/PCX_Round2/Admin/subject_logs
2025-04-22 15:31:33,551 - INFO - sub_id.py:47 -  Found sub-PCR2Pilot in sub-PCR2Pilot.xlsx
2025-04-22 15:31:33,557 - INFO - sub_id.py:47 -  Found sub-PCR2Pilot2 in sub-PCR2Pilot2.xlsx
2025-04-22 15:31:33,562 - INFO - dashboard.py:59 - Subs in dashboard.py has keys dict_keys(['sub-PCR2Pilot', 'sub-PCR2Pilot2'])
2025-04-22 15:31:54,732 - INFO - paths.py:106 - Using cached path: /Users/demo/Library/CloudStorage/Box-Box/Holmes_Lab_Wiki/PCX_Round2/Admin/subject_logs
2025-04-22 15:31:54,732 - INFO - sub_id.py:47 -  Found sub-PCR2Pilot in sub-PCR2Pilot.xlsx
2025-04-22 15:31:54,771 - INFO - sub_id.py:47 -  Found sub-PCR2Pilot2 in sub-PCR2Pilot2.xlsx
2025-04-22 15:31:54,777 - INFO - subject.py:49 - Subs in subject.py has keys dict_keys(['sub-PCR2Pilot', 'sub-PCR2Pilot2'])
2025-04-22 15:31:54,777 - INFO - paths.py:106 - Using cached path: /Users/demo/Library/CloudStorage/Box-Box/Holmes_Lab_Wiki/PCX_Round2/Data/mindlamp_data
2025-04-22 15:31:54,778 - WARNING - sub_id.py:51 - ⚠️ Warning: no subject ID found in power_activityScores_hourly.csv. Type: <class 'str'>
2025-04-22 15:31:54,778 - WARNING - sub_id.py:51 - ⚠️ Warning: no subject ID found in accel_activityScores_hourly.csv. Type: <class 'str'>
2025-04-22 15:31:54,778 - INFO - sub_id.py:47 -  Found sub-PCX-PCT929 in PCX-PCT929-phone_power_activityScores_hourly-day1to64.csv
2025-04-22 15:31:54,780 - INFO - sub_id.py:47 -  Found sub-PCX-PCT929 in PCX-PCT929-phone_gps_dist_hourly-day1to64.csv
2025-04-22 15:31:54,780 - INFO - sub_id.py:47 -  Found sub-PCX-PCT929 in PCX-PCT929-phone_accel_activityScores_hourly-day1to64.csv
2025-04-22 15:31:54,781 - INFO - sub_id.py:47 -  Found sub-PCX-PCT927 in PCX-PCT927-phone_power_activityScores_hourly-day1to125.csv
2025-04-22 15:31:54,781 - INFO - sub_id.py:47 -  Found sub-PCX-PCT927 in PCX-PCT927-phone_gps_dist_hourly-day1to124.csv
2025-04-22 15:31:54,782 - INFO - sub_id.py:47 -  Found sub-PCX-PCT927 in PCX-PCT927-phone_gps_dist_hourly-day1to118.csv
2025-04-22 15:31:54,782 - INFO - sub_id.py:47 -  Found sub-PCX-PCT927 in PCX-PCT927-phone_gps_dist_hourly-day1to119.csv
2025-04-22 15:31:54,783 - INFO - sub_id.py:47 -  Found sub-PCX-PCT927 in PCX-PCT927-phone_gps_dist_hourly-day1to125.csv
2025-04-22 15:31:54,783 - INFO - sub_id.py:47 -  Found sub-PCX-PCT927 in PCX-PCT927-phone_gps_dist_hourly-day1to109.csv
2025-04-22 15:31:54,784 - INFO - sub_id.py:47 -  Found sub-PCX-PCT927 in PCX-PCT927-phone_gps_dist_hourly-day1to121.csv
2025-04-22 15:31:54,784 - INFO - sub_id.py:47 -  Found sub-PCX-PCT927 in PCX-PCT927-phone_gps_dist_hourly-day1to120.csv
2025-04-22 15:31:54,785 - INFO - sub_id.py:47 -  Found sub-PCX-PCT927 in PCX-PCT927-phone_gps_dist_hourly-day1to108.csv
2025-04-22 15:31:54,785 - INFO - sub_id.py:47 -  Found sub-PCX-PCT927 in PCX-PCT927-phone_gps_dist_hourly-day1to122.csv
2025-04-22 15:31:54,786 - INFO - sub_id.py:47 -  Found sub-PCX-PCT927 in PCX-PCT927-phone_gps_dist_hourly-day1to123.csv
2025-04-22 15:31:54,786 - INFO - sub_id.py:47 -  Found sub-PCX-PCT927 in PCX-PCT927-phone_gps_dist_hourly-day1to106.csv
2025-04-22 15:31:54,787 - INFO - sub_id.py:47 -  Found sub-PCX-PCT927 in PCX-PCT927-phone_gps_dist_hourly-day1to112.csv
2025-04-22 15:31:54,788 - INFO - sub_id.py:47 -  Found sub-PCX-PCT927 in PCX-PCT927-phone_gps_dist_hourly-day1to113.csv
2025-04-22 15:31:54,788 - INFO - sub_id.py:47 -  Found sub-PCX-PCT927 in PCX-PCT927-phone_gps_dist_hourly-day1to107.csv
2025-04-22 15:31:54,789 - INFO - sub_id.py:47 -  Found sub-PCX-PCT927 in PCX-PCT927-phone_gps_dist_hourly-day1to111.csv
2025-04-22 15:31:54,789 - INFO - sub_id.py:47 -  Found sub-PCX-PCT927 in PCX-PCT927-phone_gps_dist_hourly-day1to105.csv
2025-04-22 15:31:54,790 - INFO - sub_id.py:47 -  Found sub-PCX-PCT927 in PCX-PCT927-phone_gps_dist_hourly-day1to104.csv
2025-04-22 15:31:54,790 - INFO - sub_id.py:47 -  Found sub-PCX-PCT927 in PCX-PCT927-phone_gps_dist_hourly-day1to110.csv
2025-04-22 15:31:54,791 - INFO - sub_id.py:47 -  Found sub-PCX-PCT927 in PCX-PCT927-phone_gps_dist_hourly-day1to114.csv
2025-04-22 15:31:54,791 - INFO - sub_id.py:47 -  Found sub-PCX-PCT927 in PCX-PCT927-phone_gps_dist_hourly-day1to115.csv
2025-04-22 15:31:54,792 - INFO - sub_id.py:47 -  Found sub-PCX-PCT927 in PCX-PCT927-phone_gps_dist_hourly-day1to117.csv
2025-04-22 15:31:54,792 - INFO - sub_id.py:47 -  Found sub-PCX-PCT927 in PCX-PCT927-phone_gps_dist_hourly-day1to116.csv
2025-04-22 15:31:54,793 - INFO - sub_id.py:47 -  Found sub-PCX-PCT927 in PCX-PCT927-phone_accel_activityScores_hourly-day1to125.csv
2025-04-22 15:31:54,794 - INFO - subject.py:96 - Found power files for: dict_keys(['sub-PCX-PCT929', 'sub-PCX-PCT927'])
2025-04-22 15:31:54,794 - INFO - subject.py:97 - Found accel files for: dict_keys(['sub-PCX-PCT929', 'sub-PCX-PCT927'])
2025-04-22 15:31:54,794 - INFO - subject.py:98 - Found gps files for: dict_keys(['sub-PCX-PCT929', 'sub-PCX-PCT927'])
2025-04-22 15:31:54,794 - INFO - paths.py:106 - Using cached path: /Users/demo/Library/CloudStorage/Box-Box/Holmes_Lab_Wiki/PCX_Round2/Admin/Data-dashboard/utilities/sheets/key_to_readable_name.xlsx
2025-04-22 15:31:54,807 - INFO - subject.py:256 -          reftime  day timeofday  weekday  ...  activityScore_hour24      subject_id  daily_hr_average  daily_mins
64  1.727400e+12    1   0:00:00        7  ...                   NaN  sub-PCX-PCT927               NaN        0.00
65  1.727480e+12    2   0:00:00        1  ...                  4.60  sub-PCX-PCT927          4.341333       65.12
66  1.727570e+12    3   0:00:00        2  ...                  1.82  sub-PCX-PCT927          3.812083       91.49
67  1.727650e+12    4   0:00:00        3  ...                   NaN  sub-PCX-PCT927          3.292727       72.44
68  1.727740e+12    5   0:00:00        4  ...                  2.55  sub-PCX-PCT927          3.612500       43.35

[5 rows x 31 columns]
2025-04-22 15:31:54,815 - INFO - paths.py:106 - Using cached path: /Users/demo/Library/CloudStorage/Box-Box/Holmes_Lab_Wiki/PCX_Round2/Admin/subject_logs
2025-04-22 15:31:54,815 - INFO - sub_id.py:47 -  Found sub-PCR2Pilot in sub-PCR2Pilot.xlsx
2025-04-22 15:31:54,822 - INFO - sub_id.py:47 -  Found sub-PCR2Pilot2 in sub-PCR2Pilot2.xlsx
2025-04-22 15:31:54,829 - INFO - dashboard.py:59 - Subs in dashboard.py has keys dict_keys(['sub-PCR2Pilot', 'sub-PCR2Pilot2'])
2025-04-22 15:32:01,860 - INFO - paths.py:106 - Using cached path: /Users/demo/Library/CloudStorage/Box-Box/Holmes_Lab_Wiki/PCX_Round2/Admin/subject_logs
2025-04-22 15:32:01,861 - INFO - sub_id.py:47 -  Found sub-PCR2Pilot in sub-PCR2Pilot.xlsx
2025-04-22 15:32:01,899 - INFO - sub_id.py:47 -  Found sub-PCR2Pilot2 in sub-PCR2Pilot2.xlsx
2025-04-22 15:32:01,905 - INFO - subject.py:49 - Subs in subject.py has keys dict_keys(['sub-PCR2Pilot', 'sub-PCR2Pilot2'])
2025-04-22 15:32:01,905 - INFO - paths.py:106 - Using cached path: /Users/demo/Library/CloudStorage/Box-Box/Holmes_Lab_Wiki/PCX_Round2/Data/mindlamp_data
2025-04-22 15:32:01,905 - WARNING - sub_id.py:51 - ⚠️ Warning: no subject ID found in power_activityScores_hourly.csv. Type: <class 'str'>
2025-04-22 15:32:01,905 - WARNING - sub_id.py:51 - ⚠️ Warning: no subject ID found in accel_activityScores_hourly.csv. Type: <class 'str'>
2025-04-22 15:32:01,907 - INFO - sub_id.py:47 -  Found sub-PCX-PCT929 in PCX-PCT929-phone_power_activityScores_hourly-day1to64.csv
2025-04-22 15:32:01,908 - INFO - sub_id.py:47 -  Found sub-PCX-PCT929 in PCX-PCT929-phone_gps_dist_hourly-day1to64.csv
2025-04-22 15:32:01,908 - INFO - sub_id.py:47 -  Found sub-PCX-PCT929 in PCX-PCT929-phone_accel_activityScores_hourly-day1to64.csv
2025-04-22 15:32:01,909 - INFO - sub_id.py:47 -  Found sub-PCX-PCT927 in PCX-PCT927-phone_power_activityScores_hourly-day1to125.csv
2025-04-22 15:32:01,909 - INFO - sub_id.py:47 -  Found sub-PCX-PCT927 in PCX-PCT927-phone_gps_dist_hourly-day1to124.csv
2025-04-22 15:32:01,910 - INFO - sub_id.py:47 -  Found sub-PCX-PCT927 in PCX-PCT927-phone_gps_dist_hourly-day1to118.csv
2025-04-22 15:32:01,910 - INFO - sub_id.py:47 -  Found sub-PCX-PCT927 in PCX-PCT927-phone_gps_dist_hourly-day1to119.csv
2025-04-22 15:32:01,911 - INFO - sub_id.py:47 -  Found sub-PCX-PCT927 in PCX-PCT927-phone_gps_dist_hourly-day1to125.csv
2025-04-22 15:32:01,911 - INFO - sub_id.py:47 -  Found sub-PCX-PCT927 in PCX-PCT927-phone_gps_dist_hourly-day1to109.csv
2025-04-22 15:32:01,912 - INFO - sub_id.py:47 -  Found sub-PCX-PCT927 in PCX-PCT927-phone_gps_dist_hourly-day1to121.csv
2025-04-22 15:32:01,912 - INFO - sub_id.py:47 -  Found sub-PCX-PCT927 in PCX-PCT927-phone_gps_dist_hourly-day1to120.csv
2025-04-22 15:32:01,913 - INFO - sub_id.py:47 -  Found sub-PCX-PCT927 in PCX-PCT927-phone_gps_dist_hourly-day1to108.csv
2025-04-22 15:32:01,913 - INFO - sub_id.py:47 -  Found sub-PCX-PCT927 in PCX-PCT927-phone_gps_dist_hourly-day1to122.csv
2025-04-22 15:32:01,914 - INFO - sub_id.py:47 -  Found sub-PCX-PCT927 in PCX-PCT927-phone_gps_dist_hourly-day1to123.csv
2025-04-22 15:32:01,914 - INFO - sub_id.py:47 -  Found sub-PCX-PCT927 in PCX-PCT927-phone_gps_dist_hourly-day1to106.csv
2025-04-22 15:32:01,915 - INFO - sub_id.py:47 -  Found sub-PCX-PCT927 in PCX-PCT927-phone_gps_dist_hourly-day1to112.csv
2025-04-22 15:32:01,915 - INFO - sub_id.py:47 -  Found sub-PCX-PCT927 in PCX-PCT927-phone_gps_dist_hourly-day1to113.csv
2025-04-22 15:32:01,915 - INFO - sub_id.py:47 -  Found sub-PCX-PCT927 in PCX-PCT927-phone_gps_dist_hourly-day1to107.csv
2025-04-22 15:32:01,916 - INFO - sub_id.py:47 -  Found sub-PCX-PCT927 in PCX-PCT927-phone_gps_dist_hourly-day1to111.csv
2025-04-22 15:32:01,916 - INFO - sub_id.py:47 -  Found sub-PCX-PCT927 in PCX-PCT927-phone_gps_dist_hourly-day1to105.csv
2025-04-22 15:32:01,917 - INFO - sub_id.py:47 -  Found sub-PCX-PCT927 in PCX-PCT927-phone_gps_dist_hourly-day1to104.csv
2025-04-22 15:32:01,917 - INFO - sub_id.py:47 -  Found sub-PCX-PCT927 in PCX-PCT927-phone_gps_dist_hourly-day1to110.csv
2025-04-22 15:32:01,918 - INFO - sub_id.py:47 -  Found sub-PCX-PCT927 in PCX-PCT927-phone_gps_dist_hourly-day1to114.csv
2025-04-22 15:32:01,918 - INFO - sub_id.py:47 -  Found sub-PCX-PCT927 in PCX-PCT927-phone_gps_dist_hourly-day1to115.csv
2025-04-22 15:32:01,919 - INFO - sub_id.py:47 -  Found sub-PCX-PCT927 in PCX-PCT927-phone_gps_dist_hourly-day1to117.csv
2025-04-22 15:32:01,919 - INFO - sub_id.py:47 -  Found sub-PCX-PCT927 in PCX-PCT927-phone_gps_dist_hourly-day1to116.csv
2025-04-22 15:32:01,920 - INFO - sub_id.py:47 -  Found sub-PCX-PCT927 in PCX-PCT927-phone_accel_activityScores_hourly-day1to125.csv
2025-04-22 15:32:01,920 - INFO - subject.py:96 - Found power files for: dict_keys(['sub-PCX-PCT929', 'sub-PCX-PCT927'])
2025-04-22 15:32:01,920 - INFO - subject.py:97 - Found accel files for: dict_keys(['sub-PCX-PCT929', 'sub-PCX-PCT927'])
2025-04-22 15:32:01,920 - INFO - subject.py:98 - Found gps files for: dict_keys(['sub-PCX-PCT929', 'sub-PCX-PCT927'])
2025-04-22 15:32:01,921 - INFO - paths.py:106 - Using cached path: /Users/demo/Library/CloudStorage/Box-Box/Holmes_Lab_Wiki/PCX_Round2/Admin/Data-dashboard/utilities/sheets/key_to_readable_name.xlsx
2025-04-22 15:32:01,931 - INFO - subject.py:256 -          reftime  day timeofday  weekday  ...  activityScore_hour24      subject_id  daily_hr_average  daily_mins
64  1.727400e+12    1   0:00:00        7  ...                   NaN  sub-PCX-PCT927               NaN        0.00
65  1.727480e+12    2   0:00:00        1  ...                  4.60  sub-PCX-PCT927          4.341333       65.12
66  1.727570e+12    3   0:00:00        2  ...                  1.82  sub-PCX-PCT927          3.812083       91.49
67  1.727650e+12    4   0:00:00        3  ...                   NaN  sub-PCX-PCT927          3.292727       72.44
68  1.727740e+12    5   0:00:00        4  ...                  2.55  sub-PCX-PCT927          3.612500       43.35

[5 rows x 31 columns]
2025-04-22 15:32:01,937 - INFO - paths.py:106 - Using cached path: /Users/demo/Library/CloudStorage/Box-Box/Holmes_Lab_Wiki/PCX_Round2/Admin/subject_logs
2025-04-22 15:32:01,937 - INFO - sub_id.py:47 -  Found sub-PCR2Pilot in sub-PCR2Pilot.xlsx
2025-04-22 15:32:01,943 - INFO - sub_id.py:47 -  Found sub-PCR2Pilot2 in sub-PCR2Pilot2.xlsx
2025-04-22 15:32:01,948 - INFO - dashboard.py:59 - Subs in dashboard.py has keys dict_keys(['sub-PCR2Pilot', 'sub-PCR2Pilot2'])
2025-04-22 15:32:18,124 - INFO - paths.py:106 - Using cached path: /Users/demo/Library/CloudStorage/Box-Box/Holmes_Lab_Wiki/PCX_Round2/Admin/subject_logs
2025-04-22 15:32:18,124 - INFO - sub_id.py:47 -  Found sub-PCR2Pilot in sub-PCR2Pilot.xlsx
2025-04-22 15:32:18,168 - INFO - sub_id.py:47 -  Found sub-PCR2Pilot2 in sub-PCR2Pilot2.xlsx
2025-04-22 15:32:18,175 - INFO - subject.py:49 - Subs in subject.py has keys dict_keys(['sub-PCR2Pilot', 'sub-PCR2Pilot2'])
2025-04-22 15:32:18,175 - INFO - paths.py:106 - Using cached path: /Users/demo/Library/CloudStorage/Box-Box/Holmes_Lab_Wiki/PCX_Round2/Data/mindlamp_data
2025-04-22 15:32:18,175 - WARNING - sub_id.py:51 - ⚠️ Warning: no subject ID found in power_activityScores_hourly.csv. Type: <class 'str'>
2025-04-22 15:32:18,175 - WARNING - sub_id.py:51 - ⚠️ Warning: no subject ID found in accel_activityScores_hourly.csv. Type: <class 'str'>
2025-04-22 15:32:18,176 - INFO - sub_id.py:47 -  Found sub-PCX-PCT929 in PCX-PCT929-phone_power_activityScores_hourly-day1to64.csv
2025-04-22 15:32:18,177 - INFO - sub_id.py:47 -  Found sub-PCX-PCT929 in PCX-PCT929-phone_gps_dist_hourly-day1to64.csv
2025-04-22 15:32:18,177 - INFO - sub_id.py:47 -  Found sub-PCX-PCT929 in PCX-PCT929-phone_accel_activityScores_hourly-day1to64.csv
2025-04-22 15:32:18,178 - INFO - sub_id.py:47 -  Found sub-PCX-PCT927 in PCX-PCT927-phone_power_activityScores_hourly-day1to125.csv
2025-04-22 15:32:18,179 - INFO - sub_id.py:47 -  Found sub-PCX-PCT927 in PCX-PCT927-phone_gps_dist_hourly-day1to124.csv
2025-04-22 15:32:18,179 - INFO - sub_id.py:47 -  Found sub-PCX-PCT927 in PCX-PCT927-phone_gps_dist_hourly-day1to118.csv
2025-04-22 15:32:18,180 - INFO - sub_id.py:47 -  Found sub-PCX-PCT927 in PCX-PCT927-phone_gps_dist_hourly-day1to119.csv
2025-04-22 15:32:18,180 - INFO - sub_id.py:47 -  Found sub-PCX-PCT927 in PCX-PCT927-phone_gps_dist_hourly-day1to125.csv
2025-04-22 15:32:18,181 - INFO - sub_id.py:47 -  Found sub-PCX-PCT927 in PCX-PCT927-phone_gps_dist_hourly-day1to109.csv
2025-04-22 15:32:18,181 - INFO - sub_id.py:47 -  Found sub-PCX-PCT927 in PCX-PCT927-phone_gps_dist_hourly-day1to121.csv
2025-04-22 15:32:18,182 - INFO - sub_id.py:47 -  Found sub-PCX-PCT927 in PCX-PCT927-phone_gps_dist_hourly-day1to120.csv
2025-04-22 15:32:18,182 - INFO - sub_id.py:47 -  Found sub-PCX-PCT927 in PCX-PCT927-phone_gps_dist_hourly-day1to108.csv
2025-04-22 15:32:18,183 - INFO - sub_id.py:47 -  Found sub-PCX-PCT927 in PCX-PCT927-phone_gps_dist_hourly-day1to122.csv
2025-04-22 15:32:18,183 - INFO - sub_id.py:47 -  Found sub-PCX-PCT927 in PCX-PCT927-phone_gps_dist_hourly-day1to123.csv
2025-04-22 15:32:18,184 - INFO - sub_id.py:47 -  Found sub-PCX-PCT927 in PCX-PCT927-phone_gps_dist_hourly-day1to106.csv
2025-04-22 15:32:18,184 - INFO - sub_id.py:47 -  Found sub-PCX-PCT927 in PCX-PCT927-phone_gps_dist_hourly-day1to112.csv
2025-04-22 15:32:18,184 - INFO - sub_id.py:47 -  Found sub-PCX-PCT927 in PCX-PCT927-phone_gps_dist_hourly-day1to113.csv
2025-04-22 15:32:18,185 - INFO - sub_id.py:47 -  Found sub-PCX-PCT927 in PCX-PCT927-phone_gps_dist_hourly-day1to107.csv
2025-04-22 15:32:18,185 - INFO - sub_id.py:47 -  Found sub-PCX-PCT927 in PCX-PCT927-phone_gps_dist_hourly-day1to111.csv
2025-04-22 15:32:18,186 - INFO - sub_id.py:47 -  Found sub-PCX-PCT927 in PCX-PCT927-phone_gps_dist_hourly-day1to105.csv
2025-04-22 15:32:18,187 - INFO - sub_id.py:47 -  Found sub-PCX-PCT927 in PCX-PCT927-phone_gps_dist_hourly-day1to104.csv
2025-04-22 15:32:18,187 - INFO - sub_id.py:47 -  Found sub-PCX-PCT927 in PCX-PCT927-phone_gps_dist_hourly-day1to110.csv
2025-04-22 15:32:18,188 - INFO - sub_id.py:47 -  Found sub-PCX-PCT927 in PCX-PCT927-phone_gps_dist_hourly-day1to114.csv
2025-04-22 15:32:18,188 - INFO - sub_id.py:47 -  Found sub-PCX-PCT927 in PCX-PCT927-phone_gps_dist_hourly-day1to115.csv
2025-04-22 15:32:18,189 - INFO - sub_id.py:47 -  Found sub-PCX-PCT927 in PCX-PCT927-phone_gps_dist_hourly-day1to117.csv
2025-04-22 15:32:18,189 - INFO - sub_id.py:47 -  Found sub-PCX-PCT927 in PCX-PCT927-phone_gps_dist_hourly-day1to116.csv
2025-04-22 15:32:18,190 - INFO - sub_id.py:47 -  Found sub-PCX-PCT927 in PCX-PCT927-phone_accel_activityScores_hourly-day1to125.csv
2025-04-22 15:32:18,190 - INFO - subject.py:96 - Found power files for: dict_keys(['sub-PCX-PCT929', 'sub-PCX-PCT927'])
2025-04-22 15:32:18,190 - INFO - subject.py:97 - Found accel files for: dict_keys(['sub-PCX-PCT929', 'sub-PCX-PCT927'])
2025-04-22 15:32:18,190 - INFO - subject.py:98 - Found gps files for: dict_keys(['sub-PCX-PCT929', 'sub-PCX-PCT927'])
2025-04-22 15:32:18,191 - INFO - paths.py:106 - Using cached path: /Users/demo/Library/CloudStorage/Box-Box/Holmes_Lab_Wiki/PCX_Round2/Admin/Data-dashboard/utilities/sheets/key_to_readable_name.xlsx
2025-04-22 15:32:18,203 - INFO - subject.py:256 -          reftime  day timeofday  weekday  ...  activityScore_hour24      subject_id  daily_hr_average  daily_mins
64  1.727400e+12    1   0:00:00        7  ...                   NaN  sub-PCX-PCT927               NaN        0.00
65  1.727480e+12    2   0:00:00        1  ...                  4.60  sub-PCX-PCT927          4.341333       65.12
66  1.727570e+12    3   0:00:00        2  ...                  1.82  sub-PCX-PCT927          3.812083       91.49
67  1.727650e+12    4   0:00:00        3  ...                   NaN  sub-PCX-PCT927          3.292727       72.44
68  1.727740e+12    5   0:00:00        4  ...                  2.55  sub-PCX-PCT927          3.612500       43.35

[5 rows x 31 columns]
2025-04-22 15:32:18,211 - INFO - paths.py:106 - Using cached path: /Users/demo/Library/CloudStorage/Box-Box/Holmes_Lab_Wiki/PCX_Round2/Admin/subject_logs
2025-04-22 15:32:18,211 - INFO - sub_id.py:47 -  Found sub-PCR2Pilot in sub-PCR2Pilot.xlsx
2025-04-22 15:32:18,219 - INFO - sub_id.py:47 -  Found sub-PCR2Pilot2 in sub-PCR2Pilot2.xlsx
2025-04-22 15:32:18,225 - INFO - dashboard.py:59 - Subs in dashboard.py has keys dict_keys(['sub-PCR2Pilot', 'sub-PCR2Pilot2'])
2025-04-22 15:32:25,252 - INFO - paths.py:106 - Using cached path: /Users/demo/Library/CloudStorage/Box-Box/Holmes_Lab_Wiki/PCX_Round2/Admin/subject_logs
2025-04-22 15:32:25,252 - INFO - sub_id.py:47 -  Found sub-PCR2Pilot in sub-PCR2Pilot.xlsx
2025-04-22 15:32:25,293 - INFO - sub_id.py:47 -  Found sub-PCR2Pilot2 in sub-PCR2Pilot2.xlsx
2025-04-22 15:32:25,299 - INFO - subject.py:49 - Subs in subject.py has keys dict_keys(['sub-PCR2Pilot', 'sub-PCR2Pilot2'])
2025-04-22 15:32:25,299 - INFO - paths.py:106 - Using cached path: /Users/demo/Library/CloudStorage/Box-Box/Holmes_Lab_Wiki/PCX_Round2/Data/mindlamp_data
2025-04-22 15:32:25,299 - WARNING - sub_id.py:51 - ⚠️ Warning: no subject ID found in power_activityScores_hourly.csv. Type: <class 'str'>
2025-04-22 15:32:25,299 - WARNING - sub_id.py:51 - ⚠️ Warning: no subject ID found in accel_activityScores_hourly.csv. Type: <class 'str'>
2025-04-22 15:32:25,300 - INFO - sub_id.py:47 -  Found sub-PCX-PCT929 in PCX-PCT929-phone_power_activityScores_hourly-day1to64.csv
2025-04-22 15:32:25,301 - INFO - sub_id.py:47 -  Found sub-PCX-PCT929 in PCX-PCT929-phone_gps_dist_hourly-day1to64.csv
2025-04-22 15:32:25,301 - INFO - sub_id.py:47 -  Found sub-PCX-PCT929 in PCX-PCT929-phone_accel_activityScores_hourly-day1to64.csv
2025-04-22 15:32:25,302 - INFO - sub_id.py:47 -  Found sub-PCX-PCT927 in PCX-PCT927-phone_power_activityScores_hourly-day1to125.csv
2025-04-22 15:32:25,302 - INFO - sub_id.py:47 -  Found sub-PCX-PCT927 in PCX-PCT927-phone_gps_dist_hourly-day1to124.csv
2025-04-22 15:32:25,303 - INFO - sub_id.py:47 -  Found sub-PCX-PCT927 in PCX-PCT927-phone_gps_dist_hourly-day1to118.csv
2025-04-22 15:32:25,304 - INFO - sub_id.py:47 -  Found sub-PCX-PCT927 in PCX-PCT927-phone_gps_dist_hourly-day1to119.csv
2025-04-22 15:32:25,304 - INFO - sub_id.py:47 -  Found sub-PCX-PCT927 in PCX-PCT927-phone_gps_dist_hourly-day1to125.csv
2025-04-22 15:32:25,304 - INFO - sub_id.py:47 -  Found sub-PCX-PCT927 in PCX-PCT927-phone_gps_dist_hourly-day1to109.csv
2025-04-22 15:32:25,305 - INFO - sub_id.py:47 -  Found sub-PCX-PCT927 in PCX-PCT927-phone_gps_dist_hourly-day1to121.csv
2025-04-22 15:32:25,305 - INFO - sub_id.py:47 -  Found sub-PCX-PCT927 in PCX-PCT927-phone_gps_dist_hourly-day1to120.csv
2025-04-22 15:32:25,306 - INFO - sub_id.py:47 -  Found sub-PCX-PCT927 in PCX-PCT927-phone_gps_dist_hourly-day1to108.csv
2025-04-22 15:32:25,306 - INFO - sub_id.py:47 -  Found sub-PCX-PCT927 in PCX-PCT927-phone_gps_dist_hourly-day1to122.csv
2025-04-22 15:32:25,307 - INFO - sub_id.py:47 -  Found sub-PCX-PCT927 in PCX-PCT927-phone_gps_dist_hourly-day1to123.csv
2025-04-22 15:32:25,307 - INFO - sub_id.py:47 -  Found sub-PCX-PCT927 in PCX-PCT927-phone_gps_dist_hourly-day1to106.csv
2025-04-22 15:32:25,308 - INFO - sub_id.py:47 -  Found sub-PCX-PCT927 in PCX-PCT927-phone_gps_dist_hourly-day1to112.csv
2025-04-22 15:32:25,308 - INFO - sub_id.py:47 -  Found sub-PCX-PCT927 in PCX-PCT927-phone_gps_dist_hourly-day1to113.csv
2025-04-22 15:32:25,309 - INFO - sub_id.py:47 -  Found sub-PCX-PCT927 in PCX-PCT927-phone_gps_dist_hourly-day1to107.csv
2025-04-22 15:32:25,309 - INFO - sub_id.py:47 -  Found sub-PCX-PCT927 in PCX-PCT927-phone_gps_dist_hourly-day1to111.csv
2025-04-22 15:32:25,310 - INFO - sub_id.py:47 -  Found sub-PCX-PCT927 in PCX-PCT927-phone_gps_dist_hourly-day1to105.csv
2025-04-22 15:32:25,310 - INFO - sub_id.py:47 -  Found sub-PCX-PCT927 in PCX-PCT927-phone_gps_dist_hourly-day1to104.csv
2025-04-22 15:32:25,311 - INFO - sub_id.py:47 -  Found sub-PCX-PCT927 in PCX-PCT927-phone_gps_dist_hourly-day1to110.csv
2025-04-22 15:32:25,311 - INFO - sub_id.py:47 -  Found sub-PCX-PCT927 in PCX-PCT927-phone_gps_dist_hourly-day1to114.csv
2025-04-22 15:32:25,312 - INFO - sub_id.py:47 -  Found sub-PCX-PCT927 in PCX-PCT927-phone_gps_dist_hourly-day1to115.csv
2025-04-22 15:32:25,312 - INFO - sub_id.py:47 -  Found sub-PCX-PCT927 in PCX-PCT927-phone_gps_dist_hourly-day1to117.csv
2025-04-22 15:32:25,313 - INFO - sub_id.py:47 -  Found sub-PCX-PCT927 in PCX-PCT927-phone_gps_dist_hourly-day1to116.csv
2025-04-22 15:32:25,313 - INFO - sub_id.py:47 -  Found sub-PCX-PCT927 in PCX-PCT927-phone_accel_activityScores_hourly-day1to125.csv
2025-04-22 15:32:25,314 - INFO - subject.py:96 - Found power files for: dict_keys(['sub-PCX-PCT929', 'sub-PCX-PCT927'])
2025-04-22 15:32:25,314 - INFO - subject.py:97 - Found accel files for: dict_keys(['sub-PCX-PCT929', 'sub-PCX-PCT927'])
2025-04-22 15:32:25,314 - INFO - subject.py:98 - Found gps files for: dict_keys(['sub-PCX-PCT929', 'sub-PCX-PCT927'])
2025-04-22 15:32:25,315 - INFO - paths.py:106 - Using cached path: /Users/demo/Library/CloudStorage/Box-Box/Holmes_Lab_Wiki/PCX_Round2/Admin/Data-dashboard/utilities/sheets/key_to_readable_name.xlsx
2025-04-22 15:32:25,325 - INFO - subject.py:256 -          reftime  day timeofday  weekday  ...  activityScore_hour24      subject_id  daily_hr_average  daily_mins
64  1.727400e+12    1   0:00:00        7  ...                   NaN  sub-PCX-PCT927               NaN        0.00
65  1.727480e+12    2   0:00:00        1  ...                  4.60  sub-PCX-PCT927          4.341333       65.12
66  1.727570e+12    3   0:00:00        2  ...                  1.82  sub-PCX-PCT927          3.812083       91.49
67  1.727650e+12    4   0:00:00        3  ...                   NaN  sub-PCX-PCT927          3.292727       72.44
68  1.727740e+12    5   0:00:00        4  ...                  2.55  sub-PCX-PCT927          3.612500       43.35

[5 rows x 31 columns]
2025-04-22 15:32:25,332 - INFO - paths.py:106 - Using cached path: /Users/demo/Library/CloudStorage/Box-Box/Holmes_Lab_Wiki/PCX_Round2/Admin/subject_logs
2025-04-22 15:32:25,332 - INFO - sub_id.py:47 -  Found sub-PCR2Pilot in sub-PCR2Pilot.xlsx
2025-04-22 15:32:25,338 - INFO - sub_id.py:47 -  Found sub-PCR2Pilot2 in sub-PCR2Pilot2.xlsx
2025-04-22 15:32:25,344 - INFO - dashboard.py:59 - Subs in dashboard.py has keys dict_keys(['sub-PCR2Pilot', 'sub-PCR2Pilot2'])
2025-04-22 15:32:43,489 - INFO - paths.py:106 - Using cached path: /Users/demo/Library/CloudStorage/Box-Box/Holmes_Lab_Wiki/PCX_Round2/Admin/subject_logs
2025-04-22 15:32:43,490 - INFO - sub_id.py:47 -  Found sub-PCR2Pilot in sub-PCR2Pilot.xlsx
2025-04-22 15:32:43,529 - INFO - sub_id.py:47 -  Found sub-PCR2Pilot2 in sub-PCR2Pilot2.xlsx
2025-04-22 15:32:43,537 - INFO - subject.py:49 - Subs in subject.py has keys dict_keys(['sub-PCR2Pilot', 'sub-PCR2Pilot2'])
2025-04-22 15:32:43,537 - INFO - paths.py:106 - Using cached path: /Users/demo/Library/CloudStorage/Box-Box/Holmes_Lab_Wiki/PCX_Round2/Data/mindlamp_data
2025-04-22 15:32:43,537 - WARNING - sub_id.py:51 - ⚠️ Warning: no subject ID found in power_activityScores_hourly.csv. Type: <class 'str'>
2025-04-22 15:32:43,537 - WARNING - sub_id.py:51 - ⚠️ Warning: no subject ID found in accel_activityScores_hourly.csv. Type: <class 'str'>
2025-04-22 15:32:43,537 - INFO - sub_id.py:47 -  Found sub-PCX-PCT929 in PCX-PCT929-phone_power_activityScores_hourly-day1to64.csv
2025-04-22 15:32:43,538 - INFO - sub_id.py:47 -  Found sub-PCX-PCT929 in PCX-PCT929-phone_gps_dist_hourly-day1to64.csv
2025-04-22 15:32:43,539 - INFO - sub_id.py:47 -  Found sub-PCX-PCT929 in PCX-PCT929-phone_accel_activityScores_hourly-day1to64.csv
2025-04-22 15:32:43,540 - INFO - sub_id.py:47 -  Found sub-PCX-PCT927 in PCX-PCT927-phone_power_activityScores_hourly-day1to125.csv
2025-04-22 15:32:43,540 - INFO - sub_id.py:47 -  Found sub-PCX-PCT927 in PCX-PCT927-phone_gps_dist_hourly-day1to124.csv
2025-04-22 15:32:43,541 - INFO - sub_id.py:47 -  Found sub-PCX-PCT927 in PCX-PCT927-phone_gps_dist_hourly-day1to118.csv
2025-04-22 15:32:43,541 - INFO - sub_id.py:47 -  Found sub-PCX-PCT927 in PCX-PCT927-phone_gps_dist_hourly-day1to119.csv
2025-04-22 15:32:43,542 - INFO - sub_id.py:47 -  Found sub-PCX-PCT927 in PCX-PCT927-phone_gps_dist_hourly-day1to125.csv
2025-04-22 15:32:43,542 - INFO - sub_id.py:47 -  Found sub-PCX-PCT927 in PCX-PCT927-phone_gps_dist_hourly-day1to109.csv
2025-04-22 15:32:43,543 - INFO - sub_id.py:47 -  Found sub-PCX-PCT927 in PCX-PCT927-phone_gps_dist_hourly-day1to121.csv
2025-04-22 15:32:43,543 - INFO - sub_id.py:47 -  Found sub-PCX-PCT927 in PCX-PCT927-phone_gps_dist_hourly-day1to120.csv
2025-04-22 15:32:43,544 - INFO - sub_id.py:47 -  Found sub-PCX-PCT927 in PCX-PCT927-phone_gps_dist_hourly-day1to108.csv
2025-04-22 15:32:43,544 - INFO - sub_id.py:47 -  Found sub-PCX-PCT927 in PCX-PCT927-phone_gps_dist_hourly-day1to122.csv
2025-04-22 15:32:43,545 - INFO - sub_id.py:47 -  Found sub-PCX-PCT927 in PCX-PCT927-phone_gps_dist_hourly-day1to123.csv
2025-04-22 15:32:43,546 - INFO - sub_id.py:47 -  Found sub-PCX-PCT927 in PCX-PCT927-phone_gps_dist_hourly-day1to106.csv
2025-04-22 15:32:43,547 - INFO - sub_id.py:47 -  Found sub-PCX-PCT927 in PCX-PCT927-phone_gps_dist_hourly-day1to112.csv
2025-04-22 15:32:43,547 - INFO - sub_id.py:47 -  Found sub-PCX-PCT927 in PCX-PCT927-phone_gps_dist_hourly-day1to113.csv
2025-04-22 15:32:43,548 - INFO - sub_id.py:47 -  Found sub-PCX-PCT927 in PCX-PCT927-phone_gps_dist_hourly-day1to107.csv
2025-04-22 15:32:43,548 - INFO - sub_id.py:47 -  Found sub-PCX-PCT927 in PCX-PCT927-phone_gps_dist_hourly-day1to111.csv
2025-04-22 15:32:43,549 - INFO - sub_id.py:47 -  Found sub-PCX-PCT927 in PCX-PCT927-phone_gps_dist_hourly-day1to105.csv
2025-04-22 15:32:43,549 - INFO - sub_id.py:47 -  Found sub-PCX-PCT927 in PCX-PCT927-phone_gps_dist_hourly-day1to104.csv
2025-04-22 15:32:43,550 - INFO - sub_id.py:47 -  Found sub-PCX-PCT927 in PCX-PCT927-phone_gps_dist_hourly-day1to110.csv
2025-04-22 15:32:43,551 - INFO - sub_id.py:47 -  Found sub-PCX-PCT927 in PCX-PCT927-phone_gps_dist_hourly-day1to114.csv
2025-04-22 15:32:43,551 - INFO - sub_id.py:47 -  Found sub-PCX-PCT927 in PCX-PCT927-phone_gps_dist_hourly-day1to115.csv
2025-04-22 15:32:43,552 - INFO - sub_id.py:47 -  Found sub-PCX-PCT927 in PCX-PCT927-phone_gps_dist_hourly-day1to117.csv
2025-04-22 15:32:43,553 - INFO - sub_id.py:47 -  Found sub-PCX-PCT927 in PCX-PCT927-phone_gps_dist_hourly-day1to116.csv
2025-04-22 15:32:43,553 - INFO - sub_id.py:47 -  Found sub-PCX-PCT927 in PCX-PCT927-phone_accel_activityScores_hourly-day1to125.csv
2025-04-22 15:32:43,554 - INFO - subject.py:96 - Found power files for: dict_keys(['sub-PCX-PCT929', 'sub-PCX-PCT927'])
2025-04-22 15:32:43,554 - INFO - subject.py:97 - Found accel files for: dict_keys(['sub-PCX-PCT929', 'sub-PCX-PCT927'])
2025-04-22 15:32:43,554 - INFO - subject.py:98 - Found gps files for: dict_keys(['sub-PCX-PCT929', 'sub-PCX-PCT927'])
2025-04-22 15:32:43,555 - INFO - paths.py:106 - Using cached path: /Users/demo/Library/CloudStorage/Box-Box/Holmes_Lab_Wiki/PCX_Round2/Admin/Data-dashboard/utilities/sheets/key_to_readable_name.xlsx
2025-04-22 15:32:43,567 - INFO - subject.py:256 -          reftime  day timeofday  weekday  ...  activityScore_hour24      subject_id  daily_hr_average  daily_mins
64  1.727400e+12    1   0:00:00        7  ...                   NaN  sub-PCX-PCT927               NaN        0.00
65  1.727480e+12    2   0:00:00        1  ...                  4.60  sub-PCX-PCT927          4.341333       65.12
66  1.727570e+12    3   0:00:00        2  ...                  1.82  sub-PCX-PCT927          3.812083       91.49
67  1.727650e+12    4   0:00:00        3  ...                   NaN  sub-PCX-PCT927          3.292727       72.44
68  1.727740e+12    5   0:00:00        4  ...                  2.55  sub-PCX-PCT927          3.612500       43.35

[5 rows x 31 columns]
2025-04-22 15:32:43,575 - INFO - paths.py:106 - Using cached path: /Users/demo/Library/CloudStorage/Box-Box/Holmes_Lab_Wiki/PCX_Round2/Admin/subject_logs
2025-04-22 15:32:43,575 - INFO - sub_id.py:47 -  Found sub-PCR2Pilot in sub-PCR2Pilot.xlsx
2025-04-22 15:32:43,582 - INFO - sub_id.py:47 -  Found sub-PCR2Pilot2 in sub-PCR2Pilot2.xlsx
2025-04-22 15:32:43,589 - INFO - dashboard.py:59 - Subs in dashboard.py has keys dict_keys(['sub-PCR2Pilot', 'sub-PCR2Pilot2'])
